0	1	mikroCPIC32.exe -MSF -DBG -pP32MX460F512L -HEAP 6000 -RA -LHF -Y -DL -SSA -EBASE 0x9FC01000 -INTDEF MV_SRS7_IS32 -O11111114 -fo80 -N"C:\Users\Git\ColourSampling\ColourSampling.mcp32" -SP"C:\Users\Public\Documents\Mikroelektronika\mikroC PRO for PIC32\Defs\" -SP"C:\Users\Public\Documents\Mikroelektronika\mikroC PRO for PIC32\Uses\" -SP"C:\Users\Git\ColourSampling\" -IP"C:\Users\Public\Documents\Mikroelektronika\mikroC PRO for PIC32\Uses\" -IP"C:\Users\Git\ColourSampling\" "ColourSampling.c" "Config.c" "ISR.c" "TCS3472.c" "_Timers.c" "USBdsc.c" "ColorMatch.c" "String.c" "__Lib_CP0.emcl" "__Lib_Math.emcl" "__Lib_MathDouble.emcl" "__Lib_System.emcl" "__Lib_SoftResetDma.emcl" "__Lib_Delays.emcl" "__Lib_CType.emcl" "__Lib_CString.emcl" "__Lib_CStdlib.emcl" "__Lib_CMath.emcl" "__Lib_MemManager.emcl" "__Lib_Conversions.emcl" "__Lib_Sprintf.emcl" "__Lib_I2C_12.emcl" "__Lib_UART_12.emcl" "__Lib_USB.emcl"	 
diagnostics: 0	122	Compilation Started	P32MX460F512L.c
diagnostics: 15369	123	Compiled Successfully	P32MX460F512L.c
diagnostics: 0	122	Compilation Started	__Lib_Delays.c
diagnostics: 176	123	Compiled Successfully	__Lib_Delays.c
diagnostics: 0	122	Compilation Started	__Lib_MemManager.c
warning: 34	1508	Implicit conversion of int to ptr	__Lib_MemManager.c
warning: 155	1506	Implicit conversion of pointer to int	__Lib_MemManager.c
warning: 174	1508	Implicit conversion of int to ptr	__Lib_MemManager.c
diagnostics: 297	123	Compiled Successfully	__Lib_MemManager.c
diagnostics: 0	122	Compilation Started	stdint.h
hint: 19	1163	Variable 'R' has been declared, but not used	ColourSampling.c
hint: 19	1163	Variable 'str_num' has been declared, but not used	ColourSampling.c
hint: 20	1163	Variable 'deg' has been declared, but not used	ColourSampling.c
diagnostics: 44	123	Compiled Successfully	ColourSampling.c
hint: 18	1164	Variable 'i' has been eliminated by optimizer	ColourSampling.c
diagnostics: 0	122	Compilation Started	stdint.h
diagnostics: 40	123	Compiled Successfully	Config.c
diagnostics: 0	122	Compilation Started	stdint.h
hint: 0	1004	interrupt handler (USB1Interrupt at 0x002D)	ISR.c
hint: 0	1004	interrupt handler (Timer1Interrupt at 0x0004)	ISR.c
diagnostics: 18	123	Compiled Successfully	ISR.c
diagnostics: 0	122	Compilation Started	stdint.h
warning: 243	1503	Result is not defined in function: 'TCS3472_Calc_Lux'	TCS3472.c
diagnostics: 286	123	Compiled Successfully	TCS3472.c
hint: 92	1164	Variable 'read' has been eliminated by optimizer	TCS3472.c
hint: 129	1164	Variable 'cct' has been eliminated by optimizer	TCS3472.c
hint: 166	1164	Variable 'g2' has been eliminated by optimizer	TCS3472.c
hint: 168	1164	Variable 'ir' has been eliminated by optimizer	TCS3472.c
hint: 169	1164	Variable 'cct' has been eliminated by optimizer	TCS3472.c
diagnostics: 0	122	Compilation Started	stdint.h
diagnostics: 63	123	Compiled Successfully	_Timers.c
diagnostics: 0	122	Compilation Started	USBdsc.c
diagnostics: 167	123	Compiled Successfully	USBdsc.c
diagnostics: 0	122	Compilation Started	ColorMatch.c
diagnostics: 0	123	Compiled Successfully	ColorMatch.c
diagnostics: 1	122	Compilation Started	ColorMatch.c
warning: 34	1503	Result is not defined in function: 'InitString'	String.c
warning: 52	1505	Suspicious pointer conversion	String.c
warning: 66	1505	Suspicious pointer conversion	String.c
hint: 74	1354	argument may be out of range [Int_Time]	String.c
warning: 80	1505	Suspicious pointer conversion	String.c
hint: 88	1354	argument may be out of range [Gain]	String.c
hint: 42	1163	Variable 'txtR' has been declared, but not used	String.c
warning: 196	1505	Suspicious pointer conversion	String.c
hint: 220	1163	Variable 'cct' has been declared, but not used	String.c
diagnostics: 354	123	Compiled Successfully	String.c
warning: 119	1512	variable 'str' might not have been initialized	String.c
hint: 41	1164	Variable 'result' has been eliminated by optimizer	String.c
hint: 43	1164	Variable 'res0' has been eliminated by optimizer	String.c
hint: 221	1164	Variable 'err' has been eliminated by optimizer	String.c
diagnostics: 0	127	All files Compiled in 984 ms	 
hint: 0	1144	Used RX: 32 (100%)   Free RX: 0 (0%)	Used RX: 32 (100%)   Free RX: 0 (0%)
hint: 0	1144	Static RAM (bytes): 1793   Dynamic RAM (bytes): 24969	Static RAM (bytes): 1793   Dynamic RAM (bytes): 24969
hint: 0	1144	HEAP RAM (bytes): 6000	HEAP RAM (bytes): 6000
hint: 0	1144	Used ROM (bytes): 35336 (7%)  Free ROM (bytes): 488952 (93%)	Used ROM (bytes): 35336 (7%)  Free ROM (bytes): 488952 (93%)
hint: 0	1144	Used BOOTROM (bytes): 1912 (16%)  Free BOOTROM (bytes): 10361 (84%)	Used BOOTROM (bytes): 1912 (16%)  Free BOOTROM (bytes): 10361 (84%)
diagnostics: 0	125	Project Linked Successfully	ColourSampling.mcp32
diagnostics: 0	128	Linked in 250 ms	 
diagnostics: 0	129	Project 'ColourSampling.mcp32' completed: 2047 ms	 
diagnostics: 0	103	Finished successfully: 29 Sep 2021, 20:55:22	ColourSampling.mcp32
