;  LST file generated by mikroListExporter - v.2.0 
; Date/Time: 26/04/2021 21:36:01
;----------------------------------------------

;Address Opcode 	ASM
____SysVT:
0x9FC01180	0x0B400375  J	___GenExcept
0x9FC01184	0x70000000  NOP	
0x9FC01188	0x70000000  NOP	
0x9FC0118C	0x70000000  NOP	
0x9FC01190	0x70000000  NOP	
0x9FC01194	0x70000000  NOP	
0x9FC01198	0x70000000  NOP	
0x9FC0119C	0x70000000  NOP	
0x9FC011A0	0x70000000  NOP	
0x9FC011A4	0x70000000  NOP	
0x9FC011A8	0x70000000  NOP	
0x9FC011AC	0x70000000  NOP	
0x9FC011B0	0x70000000  NOP	
0x9FC011B4	0x70000000  NOP	
0x9FC011B8	0x70000000  NOP	
0x9FC011BC	0x70000000  NOP	
0x9FC011C0	0x70000000  NOP	
0x9FC011C4	0x70000000  NOP	
0x9FC011C8	0x70000000  NOP	
0x9FC011CC	0x70000000  NOP	
0x9FC011D0	0x70000000  NOP	
0x9FC011D4	0x70000000  NOP	
0x9FC011D8	0x70000000  NOP	
0x9FC011DC	0x70000000  NOP	
0x9FC011E0	0x70000000  NOP	
0x9FC011E4	0x70000000  NOP	
0x9FC011E8	0x70000000  NOP	
0x9FC011EC	0x70000000  NOP	
0x9FC011F0	0x70000000  NOP	
0x9FC011F4	0x70000000  NOP	
0x9FC011F8	0x70000000  NOP	
0x9FC011FC	0x70000000  NOP	
0x9FC01200	0x0B40034B  J	_main
0x9FC01204	0x70000000  NOP	
0x9FC01208	0x70000000  NOP	
0x9FC0120C	0x70000000  NOP	
0x9FC01210	0x70000000  NOP	
0x9FC01214	0x70000000  NOP	
0x9FC01218	0x70000000  NOP	
0x9FC0121C	0x70000000  NOP	
0x9FC01220	0x0B40034B  J	_main
0x9FC01224	0x70000000  NOP	
0x9FC01228	0x70000000  NOP	
0x9FC0122C	0x70000000  NOP	
0x9FC01230	0x70000000  NOP	
0x9FC01234	0x70000000  NOP	
0x9FC01238	0x70000000  NOP	
0x9FC0123C	0x70000000  NOP	
0x9FC01240	0x0B40034B  J	_main
0x9FC01244	0x70000000  NOP	
0x9FC01248	0x70000000  NOP	
0x9FC0124C	0x70000000  NOP	
0x9FC01250	0x70000000  NOP	
0x9FC01254	0x70000000  NOP	
0x9FC01258	0x70000000  NOP	
0x9FC0125C	0x70000000  NOP	
0x9FC01260	0x0B40034B  J	_main
0x9FC01264	0x70000000  NOP	
0x9FC01268	0x70000000  NOP	
0x9FC0126C	0x70000000  NOP	
0x9FC01270	0x70000000  NOP	
0x9FC01274	0x70000000  NOP	
0x9FC01278	0x70000000  NOP	
0x9FC0127C	0x70000000  NOP	
0x9FC01280	0x0B40037B  J	_Timer1Interrupt
0x9FC01284	0x70000000  NOP	
0x9FC01288	0x70000000  NOP	
0x9FC0128C	0x70000000  NOP	
0x9FC01290	0x70000000  NOP	
0x9FC01294	0x70000000  NOP	
0x9FC01298	0x70000000  NOP	
0x9FC0129C	0x70000000  NOP	
0x9FC012A0	0x0B40034B  J	_main
0x9FC012A4	0x70000000  NOP	
0x9FC012A8	0x70000000  NOP	
0x9FC012AC	0x70000000  NOP	
0x9FC012B0	0x70000000  NOP	
0x9FC012B4	0x70000000  NOP	
0x9FC012B8	0x70000000  NOP	
0x9FC012BC	0x70000000  NOP	
0x9FC012C0	0x0B40034B  J	_main
0x9FC012C4	0x70000000  NOP	
0x9FC012C8	0x70000000  NOP	
0x9FC012CC	0x70000000  NOP	
0x9FC012D0	0x70000000  NOP	
0x9FC012D4	0x70000000  NOP	
0x9FC012D8	0x70000000  NOP	
0x9FC012DC	0x70000000  NOP	
0x9FC012E0	0x0B40034B  J	_main
0x9FC012E4	0x70000000  NOP	
0x9FC012E8	0x70000000  NOP	
0x9FC012EC	0x70000000  NOP	
0x9FC012F0	0x70000000  NOP	
0x9FC012F4	0x70000000  NOP	
0x9FC012F8	0x70000000  NOP	
0x9FC012FC	0x70000000  NOP	
0x9FC01300	0x0B40034B  J	_main
0x9FC01304	0x70000000  NOP	
0x9FC01308	0x70000000  NOP	
0x9FC0130C	0x70000000  NOP	
0x9FC01310	0x70000000  NOP	
0x9FC01314	0x70000000  NOP	
0x9FC01318	0x70000000  NOP	
0x9FC0131C	0x70000000  NOP	
0x9FC01320	0x0B40034B  J	_main
0x9FC01324	0x70000000  NOP	
0x9FC01328	0x70000000  NOP	
0x9FC0132C	0x70000000  NOP	
0x9FC01330	0x70000000  NOP	
0x9FC01334	0x70000000  NOP	
0x9FC01338	0x70000000  NOP	
0x9FC0133C	0x70000000  NOP	
0x9FC01340	0x0B40034B  J	_main
0x9FC01344	0x70000000  NOP	
0x9FC01348	0x70000000  NOP	
0x9FC0134C	0x70000000  NOP	
0x9FC01350	0x70000000  NOP	
0x9FC01354	0x70000000  NOP	
0x9FC01358	0x70000000  NOP	
0x9FC0135C	0x70000000  NOP	
0x9FC01360	0x0B40034B  J	_main
0x9FC01364	0x70000000  NOP	
0x9FC01368	0x70000000  NOP	
0x9FC0136C	0x70000000  NOP	
0x9FC01370	0x70000000  NOP	
0x9FC01374	0x70000000  NOP	
0x9FC01378	0x70000000  NOP	
0x9FC0137C	0x70000000  NOP	
0x9FC01380	0x0B40034B  J	_main
0x9FC01384	0x70000000  NOP	
0x9FC01388	0x70000000  NOP	
0x9FC0138C	0x70000000  NOP	
0x9FC01390	0x70000000  NOP	
0x9FC01394	0x70000000  NOP	
0x9FC01398	0x70000000  NOP	
0x9FC0139C	0x70000000  NOP	
0x9FC013A0	0x0B40034B  J	_main
0x9FC013A4	0x70000000  NOP	
0x9FC013A8	0x70000000  NOP	
0x9FC013AC	0x70000000  NOP	
0x9FC013B0	0x70000000  NOP	
0x9FC013B4	0x70000000  NOP	
0x9FC013B8	0x70000000  NOP	
0x9FC013BC	0x70000000  NOP	
0x9FC013C0	0x0B40034B  J	_main
0x9FC013C4	0x70000000  NOP	
0x9FC013C8	0x70000000  NOP	
0x9FC013CC	0x70000000  NOP	
0x9FC013D0	0x70000000  NOP	
0x9FC013D4	0x70000000  NOP	
0x9FC013D8	0x70000000  NOP	
0x9FC013DC	0x70000000  NOP	
0x9FC013E0	0x0B40034B  J	_main
0x9FC013E4	0x70000000  NOP	
0x9FC013E8	0x70000000  NOP	
0x9FC013EC	0x70000000  NOP	
0x9FC013F0	0x70000000  NOP	
0x9FC013F4	0x70000000  NOP	
0x9FC013F8	0x70000000  NOP	
0x9FC013FC	0x70000000  NOP	
0x9FC01400	0x0B40034B  J	_main
0x9FC01404	0x70000000  NOP	
0x9FC01408	0x70000000  NOP	
0x9FC0140C	0x70000000  NOP	
0x9FC01410	0x70000000  NOP	
0x9FC01414	0x70000000  NOP	
0x9FC01418	0x70000000  NOP	
0x9FC0141C	0x70000000  NOP	
0x9FC01420	0x0B40034B  J	_main
0x9FC01424	0x70000000  NOP	
0x9FC01428	0x70000000  NOP	
0x9FC0142C	0x70000000  NOP	
0x9FC01430	0x70000000  NOP	
0x9FC01434	0x70000000  NOP	
0x9FC01438	0x70000000  NOP	
0x9FC0143C	0x70000000  NOP	
0x9FC01440	0x0B40034B  J	_main
0x9FC01444	0x70000000  NOP	
0x9FC01448	0x70000000  NOP	
0x9FC0144C	0x70000000  NOP	
0x9FC01450	0x70000000  NOP	
0x9FC01454	0x70000000  NOP	
0x9FC01458	0x70000000  NOP	
0x9FC0145C	0x70000000  NOP	
0x9FC01460	0x0B40034B  J	_main
0x9FC01464	0x70000000  NOP	
0x9FC01468	0x70000000  NOP	
0x9FC0146C	0x70000000  NOP	
0x9FC01470	0x70000000  NOP	
0x9FC01474	0x70000000  NOP	
0x9FC01478	0x70000000  NOP	
0x9FC0147C	0x70000000  NOP	
0x9FC01480	0x0B40034B  J	_main
0x9FC01484	0x70000000  NOP	
0x9FC01488	0x70000000  NOP	
0x9FC0148C	0x70000000  NOP	
0x9FC01490	0x70000000  NOP	
0x9FC01494	0x70000000  NOP	
0x9FC01498	0x70000000  NOP	
0x9FC0149C	0x70000000  NOP	
0x9FC014A0	0x0B40034B  J	_main
0x9FC014A4	0x70000000  NOP	
0x9FC014A8	0x70000000  NOP	
0x9FC014AC	0x70000000  NOP	
0x9FC014B0	0x70000000  NOP	
0x9FC014B4	0x70000000  NOP	
0x9FC014B8	0x70000000  NOP	
0x9FC014BC	0x70000000  NOP	
0x9FC014C0	0x0B40034B  J	_main
0x9FC014C4	0x70000000  NOP	
0x9FC014C8	0x70000000  NOP	
0x9FC014CC	0x70000000  NOP	
0x9FC014D0	0x70000000  NOP	
0x9FC014D4	0x70000000  NOP	
0x9FC014D8	0x70000000  NOP	
0x9FC014DC	0x70000000  NOP	
0x9FC014E0	0x0B40034B  J	_main
0x9FC014E4	0x70000000  NOP	
0x9FC014E8	0x70000000  NOP	
0x9FC014EC	0x70000000  NOP	
0x9FC014F0	0x70000000  NOP	
0x9FC014F4	0x70000000  NOP	
0x9FC014F8	0x70000000  NOP	
0x9FC014FC	0x70000000  NOP	
0x9FC01500	0x0B40034B  J	_main
0x9FC01504	0x70000000  NOP	
0x9FC01508	0x70000000  NOP	
0x9FC0150C	0x70000000  NOP	
0x9FC01510	0x70000000  NOP	
0x9FC01514	0x70000000  NOP	
0x9FC01518	0x70000000  NOP	
0x9FC0151C	0x70000000  NOP	
0x9FC01520	0x0B40034B  J	_main
0x9FC01524	0x70000000  NOP	
0x9FC01528	0x70000000  NOP	
0x9FC0152C	0x70000000  NOP	
0x9FC01530	0x70000000  NOP	
0x9FC01534	0x70000000  NOP	
0x9FC01538	0x70000000  NOP	
0x9FC0153C	0x70000000  NOP	
0x9FC01540	0x0B40034B  J	_main
0x9FC01544	0x70000000  NOP	
0x9FC01548	0x70000000  NOP	
0x9FC0154C	0x70000000  NOP	
0x9FC01550	0x70000000  NOP	
0x9FC01554	0x70000000  NOP	
0x9FC01558	0x70000000  NOP	
0x9FC0155C	0x70000000  NOP	
0x9FC01560	0x0B40034B  J	_main
0x9FC01564	0x70000000  NOP	
0x9FC01568	0x70000000  NOP	
0x9FC0156C	0x70000000  NOP	
0x9FC01570	0x70000000  NOP	
0x9FC01574	0x70000000  NOP	
0x9FC01578	0x70000000  NOP	
0x9FC0157C	0x70000000  NOP	
0x9FC01580	0x0B40034B  J	_main
0x9FC01584	0x70000000  NOP	
0x9FC01588	0x70000000  NOP	
0x9FC0158C	0x70000000  NOP	
0x9FC01590	0x70000000  NOP	
0x9FC01594	0x70000000  NOP	
0x9FC01598	0x70000000  NOP	
0x9FC0159C	0x70000000  NOP	
0x9FC015A0	0x0B40034B  J	_main
0x9FC015A4	0x70000000  NOP	
0x9FC015A8	0x70000000  NOP	
0x9FC015AC	0x70000000  NOP	
0x9FC015B0	0x70000000  NOP	
0x9FC015B4	0x70000000  NOP	
0x9FC015B8	0x70000000  NOP	
0x9FC015BC	0x70000000  NOP	
0x9FC015C0	0x0B40034B  J	_main
0x9FC015C4	0x70000000  NOP	
0x9FC015C8	0x70000000  NOP	
0x9FC015CC	0x70000000  NOP	
0x9FC015D0	0x70000000  NOP	
0x9FC015D4	0x70000000  NOP	
0x9FC015D8	0x70000000  NOP	
0x9FC015DC	0x70000000  NOP	
0x9FC015E0	0x0B40034B  J	_main
0x9FC015E4	0x70000000  NOP	
0x9FC015E8	0x70000000  NOP	
0x9FC015EC	0x70000000  NOP	
0x9FC015F0	0x70000000  NOP	
0x9FC015F4	0x70000000  NOP	
0x9FC015F8	0x70000000  NOP	
0x9FC015FC	0x70000000  NOP	
0x9FC01600	0x0B40034B  J	_main
0x9FC01604	0x70000000  NOP	
0x9FC01608	0x70000000  NOP	
0x9FC0160C	0x70000000  NOP	
0x9FC01610	0x70000000  NOP	
0x9FC01614	0x70000000  NOP	
0x9FC01618	0x70000000  NOP	
0x9FC0161C	0x70000000  NOP	
0x9FC01620	0x0B40034B  J	_main
0x9FC01624	0x70000000  NOP	
0x9FC01628	0x70000000  NOP	
0x9FC0162C	0x70000000  NOP	
0x9FC01630	0x70000000  NOP	
0x9FC01634	0x70000000  NOP	
0x9FC01638	0x70000000  NOP	
0x9FC0163C	0x70000000  NOP	
0x9FC01640	0x0B40034B  J	_main
0x9FC01644	0x70000000  NOP	
0x9FC01648	0x70000000  NOP	
0x9FC0164C	0x70000000  NOP	
0x9FC01650	0x70000000  NOP	
0x9FC01654	0x70000000  NOP	
0x9FC01658	0x70000000  NOP	
0x9FC0165C	0x70000000  NOP	
0x9FC01660	0x0B40034B  J	_main
0x9FC01664	0x70000000  NOP	
0x9FC01668	0x70000000  NOP	
0x9FC0166C	0x70000000  NOP	
0x9FC01670	0x70000000  NOP	
0x9FC01674	0x70000000  NOP	
0x9FC01678	0x70000000  NOP	
0x9FC0167C	0x70000000  NOP	
0x9FC01680	0x0B40034B  J	_main
0x9FC01684	0x70000000  NOP	
0x9FC01688	0x70000000  NOP	
0x9FC0168C	0x70000000  NOP	
0x9FC01690	0x70000000  NOP	
0x9FC01694	0x70000000  NOP	
0x9FC01698	0x70000000  NOP	
0x9FC0169C	0x70000000  NOP	
0x9FC016A0	0x0B40034B  J	_main
0x9FC016A4	0x70000000  NOP	
0x9FC016A8	0x70000000  NOP	
0x9FC016AC	0x70000000  NOP	
0x9FC016B0	0x70000000  NOP	
0x9FC016B4	0x70000000  NOP	
0x9FC016B8	0x70000000  NOP	
0x9FC016BC	0x70000000  NOP	
0x9FC016C0	0x0B40034B  J	_main
0x9FC016C4	0x70000000  NOP	
0x9FC016C8	0x70000000  NOP	
0x9FC016CC	0x70000000  NOP	
0x9FC016D0	0x70000000  NOP	
0x9FC016D4	0x70000000  NOP	
0x9FC016D8	0x70000000  NOP	
0x9FC016DC	0x70000000  NOP	
0x9FC016E0	0x0B40034B  J	_main
0x9FC016E4	0x70000000  NOP	
0x9FC016E8	0x70000000  NOP	
0x9FC016EC	0x70000000  NOP	
0x9FC016F0	0x70000000  NOP	
0x9FC016F4	0x70000000  NOP	
0x9FC016F8	0x70000000  NOP	
0x9FC016FC	0x70000000  NOP	
0x9FC01700	0x70000000  NOP	
0x9FC01704	0x70000000  NOP	
0x9FC01708	0x70000000  NOP	
0x9FC0170C	0x70000000  NOP	
0x9FC01710	0x70000000  NOP	
0x9FC01714	0x70000000  NOP	
0x9FC01718	0x70000000  NOP	
0x9FC0171C	0x70000000  NOP	
0x9FC01720	0x70000000  NOP	
0x9FC01724	0x70000000  NOP	
0x9FC01728	0x70000000  NOP	
0x9FC0172C	0x70000000  NOP	
0x9FC01730	0x70000000  NOP	
0x9FC01734	0x70000000  NOP	
0x9FC01738	0x70000000  NOP	
0x9FC0173C	0x70000000  NOP	
0x9FC01740	0x70000000  NOP	
0x9FC01744	0x70000000  NOP	
0x9FC01748	0x70000000  NOP	
0x9FC0174C	0x70000000  NOP	
0x9FC01750	0x70000000  NOP	
0x9FC01754	0x70000000  NOP	
0x9FC01758	0x70000000  NOP	
0x9FC0175C	0x70000000  NOP	
0x9FC01760	0x70000000  NOP	
0x9FC01764	0x70000000  NOP	
0x9FC01768	0x70000000  NOP	
0x9FC0176C	0x70000000  NOP	
0x9FC01770	0x70000000  NOP	
0x9FC01774	0x70000000  NOP	
0x9FC01778	0x70000000  NOP	
0x9FC0177C	0x70000000  NOP	
0x9FC01780	0x0B40034B  J	_main
0x9FC01784	0x70000000  NOP	
0x9FC01788	0x70000000  NOP	
0x9FC0178C	0x70000000  NOP	
0x9FC01790	0x70000000  NOP	
0x9FC01794	0x70000000  NOP	
0x9FC01798	0x70000000  NOP	
0x9FC0179C	0x70000000  NOP	
0x9FC017A0	0x0B40034B  J	_main
0x9FC017A4	0x70000000  NOP	
; end of ____SysVT
____BootVT:
0xBFC00380	0x3C1E9D00  LUI	R30, 40192
0xBFC00384	0x37DE0DBC  ORI	R30, R30, 3516
0xBFC00388	0x03C00008  JR	R30
0xBFC0038C	0x70000000  NOP	
; end of ____BootVT
_main:
;ColourSampling.c, 8 :: 		void main() {
0x9D000D2C	0x0F4003BB  JAL	2634026732
0x9D000D30	0x70000000  NOP	
0x9D000D34	0x0F400399  JAL	2634026596
0x9D000D38	0x70000000  NOP	
;ColourSampling.c, 10 :: 		ConfigPic();
0x9D000D3C	0x0F4002FE  JAL	_ConfigPic+0
0x9D000D40	0x70000000  NOP	
;ColourSampling.c, 11 :: 		it = TCS3472_INTEGRATIONTIME_2_4MS;
0x9D000D44	0x340200FF  ORI	R2, R0, 255
0x9D000D48	0xA022800F  SB	R2, Offset(_it+0)(GP)
;ColourSampling.c, 12 :: 		G  = TCS3472_GAIN_4X;
0x9D000D4C	0x34020001  ORI	R2, R0, 1
0x9D000D50	0xA0228034  SB	R2, Offset(_G+0)(GP)
;ColourSampling.c, 13 :: 		i  = 0;
; i start address is: 20 (R5)
; i start address is: 20 (R5)
0x9D000D54	0x0000280A  MOVZ	R5, R0, R0
; i end address is: 20 (R5)
;ColourSampling.c, 15 :: 		while(1){
L_main0:
;ColourSampling.c, 16 :: 		ByteToStr(i, txt);
; i start address is: 20 (R5)
0x9D000D58	0x3C1AA000  LUI	R26, hi_addr(_txt+0)
0x9D000D5C	0x375A0008  ORI	R26, R26, lo_addr(_txt+0)
0x9D000D60	0x0F4002A3  JAL	_ByteToStr+0
0x9D000D64	0x30B900FF  ANDI	R25, R5, 255
;ColourSampling.c, 18 :: 		WriteData(txt);
0x9D000D68	0x3C19A000  LUI	R25, hi_addr(_txt+0)
0x9D000D6C	0x0F4002CB  JAL	_WriteData+0
0x9D000D70	0x37390008  ORI	R25, R25, lo_addr(_txt+0)
;ColourSampling.c, 19 :: 		LATE3_bit = i;
0x9D000D74	0x3C1EBF88  LUI	R30, 49032
0x9D000D78	0x83C26120  LB	R2, 24864(R30)
0x9D000D7C	0x7CA218C4  INS	R2, R5, 3, 1
; i end address is: 20 (R5)
0x9D000D80	0x3C1EBF88  LUI	R30, 49032
0x9D000D84	0xA3C26120  SB	R2, 24864(R30)
;ColourSampling.c, 20 :: 		i = TCS3472_Init(it,G);
0x9D000D88	0x903A8034  LBU	R26, Offset(_G+0)(GP)
0x9D000D8C	0x0F40028D  JAL	_TCS3472_Init+0
0x9D000D90	0x9039800F  LBU	R25, Offset(_it+0)(GP)
; i start address is: 20 (R5)
0x9D000D94	0x304500FF  ANDI	R5, R2, 255
; i end address is: 20 (R5)
;ColourSampling.c, 21 :: 		Delay_ms(1000);
0x9D000D98	0x3C180196  LUI	R24, 406
0x9D000D9C	0x3718E6AA  ORI	R24, R24, 59050
L_main2:
0x9D000DA0	0x2718FFFF  ADDIU	R24, R24, -1
0x9D000DA4	0x1700FFFE  BNE	R24, R0, L_main2
0x9D000DA8	0x70000000  NOP	
;ColourSampling.c, 22 :: 		}
; i end address is: 20 (R5)
0x9D000DAC	0x0B400356  J	L_main0
0x9D000DB0	0x70000000  NOP	
;ColourSampling.c, 24 :: 		}
L_end_main:
L__main_end_loop:
0x9D000DB4	0x0B40036D  J	L__main_end_loop
0x9D000DB8	0x70000000  NOP	
; end of _main
___CC2DW:
;__Lib_System.c, 4 :: 		
0x9D0009C8	0x27BDFFFC  ADDIU	SP, SP, -4
;__Lib_System.c, 6 :: 		
L_loopDW:
;__Lib_System.c, 7 :: 		
0x9D0009CC	0x831E0000  LB	R30, 0(R24)
;__Lib_System.c, 8 :: 		
0x9D0009D0	0xA2FE0000  SB	R30, 0(R23)
;__Lib_System.c, 9 :: 		
0x9D0009D4	0x26F70001  ADDIU	R23, R23, 1
;__Lib_System.c, 10 :: 		
0x9D0009D8	0x16F6FFFC  BNE	R23, R22, L_loopDW
;__Lib_System.c, 11 :: 		
0x9D0009DC	0x27180001  ADDIU	R24, R24, 1
;__Lib_System.c, 13 :: 		
L_end___CC2DW:
0x9D0009E0	0x03E00008  JR	RA
0x9D0009E4	0x27BD0004  ADDIU	SP, SP, 4
; end of ___CC2DW
___FillZeros:
;__Lib_System.c, 161 :: 		
0x9D000BD8	0x27BDFFFC  ADDIU	SP, SP, -4
;__Lib_System.c, 163 :: 		
L___FillZeros0:
;__Lib_System.c, 164 :: 		
0x9D000BDC	0x12F60004  BEQ	R23, R22, L___FillZeros1
;__Lib_System.c, 165 :: 		
0x9D000BE0	0x70000000  NOP	
;__Lib_System.c, 166 :: 		
L____FillZeros4:
;__Lib_System.c, 167 :: 		
0x9D000BE4	0xAEE00000  SW	R0, 0(R23)
;__Lib_System.c, 168 :: 		
0x9D000BE8	0x0B4002F7  J	L___FillZeros0
;__Lib_System.c, 169 :: 		
0x9D000BEC	0x26F70004  ADDIU	R23, R23, 4
;__Lib_System.c, 170 :: 		
L___FillZeros1:
;__Lib_System.c, 172 :: 		
L_end___FillZeros:
0x9D000BF0	0x03E00008  JR	RA
0x9D000BF4	0x27BD0004  ADDIU	SP, SP, 4
; end of ___FillZeros
_ConfigPic:
;Config.c, 4 :: 		void ConfigPic(){
0x9D000BF8	0x27BDFFEC  ADDIU	SP, SP, -20
0x9D000BFC	0xAFBF0000  SW	RA, 0(SP)
;Config.c, 5 :: 		CHECON = 30;
0x9D000C00	0xAFB90004  SW	R25, 4(SP)
0x9D000C04	0xAFBA0008  SW	R26, 8(SP)
0x9D000C08	0xAFBB000C  SW	R27, 12(SP)
0x9D000C0C	0xAFBC0010  SW	R28, 16(SP)
0x9D000C10	0x3402001E  ORI	R2, R0, 30
0x9D000C14	0x3C1EBF88  LUI	R30, 49032
0x9D000C18	0xAFC24000  SW	R2, 16384(R30)
;Config.c, 6 :: 		AD1PCFG = 0xFFFFFFFF;
0x9D000C1C	0x3C02FFFF  LUI	R2, 65535
0x9D000C20	0x3442FFFF  ORI	R2, R2, 65535
0x9D000C24	0x3C1EBF81  LUI	R30, 49025
0x9D000C28	0xAFC29060  SW	R2, -28576(R30)
;Config.c, 7 :: 		JTAGEN_bit = 0;
0x9D000C2C	0x3C1EBF81  LUI	R30, 49025
0x9D000C30	0x83C2F200  LB	R2, -3584(R30)
0x9D000C34	0x7C0218C4  INS	R2, R0, 3, 1
0x9D000C38	0x3C1EBF81  LUI	R30, 49025
0x9D000C3C	0xA3C2F200  SB	R2, -3584(R30)
;Config.c, 9 :: 		TRISA = 0X020C;
0x9D000C40	0x3402020C  ORI	R2, R0, 524
0x9D000C44	0x3C1EBF88  LUI	R30, 49032
0x9D000C48	0xAFC26000  SW	R2, 24576(R30)
;Config.c, 10 :: 		TRISB = 0X0000;
0x9D000C4C	0x3C1EBF88  LUI	R30, 49032
0x9D000C50	0xAFC06040  SW	R0, 24640(R30)
;Config.c, 11 :: 		TRISC = 0X0000;
0x9D000C54	0x3C1EBF88  LUI	R30, 49032
0x9D000C58	0xAFC06080  SW	R0, 24704(R30)
;Config.c, 12 :: 		TRISD = 0X0000;
0x9D000C5C	0x3C1EBF88  LUI	R30, 49032
0x9D000C60	0xAFC060C0  SW	R0, 24768(R30)
;Config.c, 13 :: 		TRISE = 0X0010;
0x9D000C64	0x34020010  ORI	R2, R0, 16
0x9D000C68	0x3C1EBF88  LUI	R30, 49032
0x9D000C6C	0xAFC26100  SW	R2, 24832(R30)
;Config.c, 14 :: 		TRISF = 0X0000;
0x9D000C70	0x3C1EBF88  LUI	R30, 49032
0x9D000C74	0xAFC06140  SW	R0, 24896(R30)
;Config.c, 15 :: 		TRISG = 0X0000;
0x9D000C78	0x3C1EBF88  LUI	R30, 49032
0x9D000C7C	0xAFC06180  SW	R0, 24960(R30)
;Config.c, 18 :: 		I2C2_Init(100000);//_Advanced(80000,400000);//INIT I2C AT 100KHZ
0x9D000C80	0x3C190001  LUI	R25, 1
0x9D000C84	0x0F40019C  JAL	_I2C2_Init+0
0x9D000C88	0x373986A0  ORI	R25, R25, 34464
;Config.c, 19 :: 		I2C_Set_Active(&I2C2_Start, &I2C2_Restart, &I2C2_Read, &I2C2_Write,
0x9D000C8C	0x3C1C9D00  LUI	R28, hi_addr(_I2C2_Write+0)
0x9D000C90	0x379C02B4  ORI	R28, R28, lo_addr(_I2C2_Write+0)
0x9D000C94	0x3C1B9D00  LUI	R27, hi_addr(_I2C2_Read+0)
0x9D000C98	0x377B0378  ORI	R27, R27, lo_addr(_I2C2_Read+0)
0x9D000C9C	0x3C1AFFFF  LUI	R26, hi_addr(_I2C2_Restart+0)
0x9D000CA0	0x375AFFFF  ORI	R26, R26, lo_addr(_I2C2_Restart+0)
0x9D000CA4	0x3C199D00  LUI	R25, hi_addr(_I2C2_Start+0)
0x9D000CA8	0x37390034  ORI	R25, R25, lo_addr(_I2C2_Start+0)
;Config.c, 20 :: 		&I2C2_Stop,&I2C2_Is_Idle); // Sets the I2C2 module active
0x9D000CAC	0x3C029D00  LUI	R2, hi_addr(_I2C2_Is_Idle+0)
0x9D000CB0	0x344200E4  ORI	R2, R2, lo_addr(_I2C2_Is_Idle+0)
0x9D000CB4	0x27BDFFF8  ADDIU	SP, SP, -8
0x9D000CB8	0xAFA20004  SW	R2, 4(SP)
0x9D000CBC	0x3C029D00  LUI	R2, hi_addr(_I2C2_Stop+0)
0x9D000CC0	0x34420B48  ORI	R2, R2, lo_addr(_I2C2_Stop+0)
0x9D000CC4	0x0F400223  JAL	_I2C_Set_Active+0
0x9D000CC8	0xAFA20000  SW	R2, 0(SP)
0x9D000CCC	0x27BD0008  ADDIU	SP, SP, 8
;Config.c, 21 :: 		Delay_ms(100);
0x9D000CD0	0x3C180028  LUI	R24, 40
0x9D000CD4	0x3718B0AA  ORI	R24, R24, 45226
L_ConfigPic0:
0x9D000CD8	0x2718FFFF  ADDIU	R24, R24, -1
0x9D000CDC	0x1700FFFE  BNE	R24, R0, L_ConfigPic0
0x9D000CE0	0x70000000  NOP	
;Config.c, 22 :: 		UART2_Init(56000);              // Initialize UART module at 9600 bps
0x9D000CE4	0x0F4001B6  JAL	_UART2_Init+0
0x9D000CE8	0x3419DAC0  ORI	R25, R0, 56000
;Config.c, 26 :: 		LATA10_bit = 0;
0x9D000CEC	0x34020004  ORI	R2, R0, 0x0004
0x9D000CF0	0x3C1EBF88  LUI	R30, 49032
0x9D000CF4	0xA3C26025  SB	R2, 24613(R30)
;Config.c, 28 :: 		LATE3_bit = 0;
0x9D000CF8	0x34020008  ORI	R2, R0, 0x0008
0x9D000CFC	0x3C1EBF88  LUI	R30, 49032
;Config.c, 29 :: 		InitTimer1();
0x9D000D00	0x0F4001F0  JAL	_InitTimer1+0
0x9D000D04	0xA3C26124  SB	R2, 24868(R30)
;Config.c, 30 :: 		InitISR();
0x9D000D08	0x0F400248  JAL	_InitISR+0
0x9D000D0C	0x70000000  NOP	
;Config.c, 31 :: 		}
L_end_ConfigPic:
0x9D000D10	0x8FBC0010  LW	R28, 16(SP)
0x9D000D14	0x8FBB000C  LW	R27, 12(SP)
0x9D000D18	0x8FBA0008  LW	R26, 8(SP)
0x9D000D1C	0x8FB90004  LW	R25, 4(SP)
0x9D000D20	0x8FBF0000  LW	RA, 0(SP)
0x9D000D24	0x03E00008  JR	RA
0x9D000D28	0x27BD0014  ADDIU	SP, SP, 20
; end of _ConfigPic
_I2C2_Init:
;__Lib_I2C_12.c, 445 :: 		
0x9D000670	0x27BDFFF8  ADDIU	SP, SP, -8
0x9D000674	0xAFBF0000  SW	RA, 0(SP)
;__Lib_I2C_12.c, 449 :: 		
0x9D000678	0x0F400132  JAL	__Lib_I2C_12_SetI2C2Ptrs+0
0x9D00067C	0xAFB90004  SW	R25, 4(SP)
;__Lib_I2C_12.c, 450 :: 		
0x9D000680	0x34028000  ORI	R2, R0, 32768
0x9D000684	0x3C1EBF80  LUI	R30, 49024
;__Lib_I2C_12.c, 454 :: 		
0x9D000688	0x0F40012E  JAL	_Get_Fosc_kHz+0
0x9D00068C	0xAFC25208  SW	R2, 21000(R30)
0x9D000690	0x340303E8  ORI	R3, R0, 1000
0x9D000694	0x00430019  MULTU	R2, R3
0x9D000698	0x00001012  MFLO	R2
; Fcy start address is: 12 (R3)
0x9D00069C	0x0040180A  MOVZ	R3, R2, R0
;__Lib_I2C_12.c, 455 :: 		
0x9D0006A0	0x00191040  SLL	R2, R25, 1
;__Lib_I2C_12.c, 456 :: 		
0x9D0006A4	0x0062001B  DIVU	R3, R2
0x9D0006A8	0x00001012  MFLO	R2
; Fcy end address is: 12 (R3)
0x9D0006AC	0x2442FFFE  ADDIU	R2, R2, -2
; Fcy start address is: 8 (R2)
;__Lib_I2C_12.c, 458 :: 		
0x9D0006B0	0x3C1EBF80  LUI	R30, 49024
0x9D0006B4	0xAFC25240  SW	R2, 21056(R30)
; Fcy end address is: 8 (R2)
;__Lib_I2C_12.c, 459 :: 		
0x9D0006B8	0x3C1EBF80  LUI	R30, 49024
0x9D0006BC	0xAFC05210  SW	R0, 21008(R30)
;__Lib_I2C_12.c, 460 :: 		
0x9D0006C0	0x0F400209  JAL	__Lib_I2C_12_I2C2_Wait_For_Idle+0
0x9D0006C4	0x34190008  ORI	R25, R0, 8
;__Lib_I2C_12.c, 461 :: 		
L_end_I2C2_Init:
0x9D0006C8	0x8FB90004  LW	R25, 4(SP)
0x9D0006CC	0x8FBF0000  LW	RA, 0(SP)
0x9D0006D0	0x03E00008  JR	RA
0x9D0006D4	0x27BD0008  ADDIU	SP, SP, 8
; end of _I2C2_Init
__Lib_I2C_12_SetI2C2Ptrs:
;__Lib_I2C_12.c, 436 :: 		
0x9D0004C8	0x27BDFFFC  ADDIU	SP, SP, -4
;__Lib_I2C_12.c, 437 :: 		
0x9D0004CC	0x3C029D00  LUI	R2, hi_addr(_I2C2_Is_Idle+0)
0x9D0004D0	0x344200E4  ORI	R2, R2, lo_addr(_I2C2_Is_Idle+0)
0x9D0004D4	0xAC22804C  SW	R2, Offset(_I2C_Is_Idle_Ptr+0)(GP)
;__Lib_I2C_12.c, 438 :: 		
0x9D0004D8	0x3C029D00  LUI	R2, hi_addr(_I2C2_Start+0)
0x9D0004DC	0x34420034  ORI	R2, R2, lo_addr(_I2C2_Start+0)
0x9D0004E0	0xAC228050  SW	R2, Offset(_I2C_Start_Ptr+0)(GP)
;__Lib_I2C_12.c, 439 :: 		
0x9D0004E4	0x3C02FFFF  LUI	R2, hi_addr(_I2C2_Restart+0)
0x9D0004E8	0x3442FFFF  ORI	R2, R2, lo_addr(_I2C2_Restart+0)
0x9D0004EC	0xAC228044  SW	R2, Offset(_I2C_Restart_Ptr+0)(GP)
;__Lib_I2C_12.c, 440 :: 		
0x9D0004F0	0x3C029D00  LUI	R2, hi_addr(_I2C2_Read+0)
0x9D0004F4	0x34420378  ORI	R2, R2, lo_addr(_I2C2_Read+0)
0x9D0004F8	0xAC228038  SW	R2, Offset(_I2C_Read_Ptr+0)(GP)
;__Lib_I2C_12.c, 441 :: 		
0x9D0004FC	0x3C029D00  LUI	R2, hi_addr(_I2C2_Write+0)
0x9D000500	0x344202B4  ORI	R2, R2, lo_addr(_I2C2_Write+0)
0x9D000504	0xAC22803C  SW	R2, Offset(_I2C_Write_Ptr+0)(GP)
;__Lib_I2C_12.c, 442 :: 		
0x9D000508	0x3C029D00  LUI	R2, hi_addr(_I2C2_Stop+0)
0x9D00050C	0x34420B48  ORI	R2, R2, lo_addr(_I2C2_Stop+0)
0x9D000510	0xAC228040  SW	R2, Offset(_I2C_Stop_Ptr+0)(GP)
;__Lib_I2C_12.c, 443 :: 		
L_end_SetI2C2Ptrs:
0x9D000514	0x03E00008  JR	RA
0x9D000518	0x27BD0004  ADDIU	SP, SP, 4
; end of __Lib_I2C_12_SetI2C2Ptrs
_Get_Fosc_kHz:
;__Lib_Delays.c, 1 :: 		unsigned long Get_Fosc_kHz(){
;__Lib_Delays.c, 3 :: 		return Clock_kHz();
0x9D0004B8	0x3C020001  LUI	R2, 1
0x9D0004BC	0x34423880  ORI	R2, R2, 14464
;__Lib_Delays.c, 4 :: 		}
L_end_Get_Fosc_kHz:
0x9D0004C0	0x03E00008  JR	RA
0x9D0004C4	0x70000000  NOP	
; end of _Get_Fosc_kHz
__Lib_I2C_12_I2C2_Wait_For_Idle:
;__Lib_I2C_12.c, 272 :: 		
0x9D000824	0x27BDFFFC  ADDIU	SP, SP, -4
0x9D000828	0xAFBF0000  SW	RA, 0(SP)
;__Lib_I2C_12.c, 274 :: 		
; timeout start address is: 16 (R4)
0x9D00082C	0x8C248004  LW	R4, Offset(__Lib_I2C_12__I2C2_TIMEOUT+0)(GP)
; timeout end address is: 16 (R4)
;__Lib_I2C_12.c, 276 :: 		
L___Lib_I2C_12_I2C2_Wait_For_Idle38:
; timeout start address is: 16 (R4)
0x9D000830	0x0F400039  JAL	_I2C2_Is_Idle+0
0x9D000834	0x70000000  NOP	
0x9D000838	0x14400011  BNE	R2, R0, L___Lib_I2C_12_I2C2_Wait_For_Idle39
0x9D00083C	0x70000000  NOP	
L___Lib_I2C_12_I2C2_Wait_For_Idle155:
;__Lib_I2C_12.c, 277 :: 		
0x9D000840	0x8C228004  LW	R2, Offset(__Lib_I2C_12__I2C2_TIMEOUT+0)(GP)
0x9D000844	0x1040000C  BEQ	R2, R0, L___Lib_I2C_12_I2C2_Wait_For_Idle86
0x9D000848	0x70000000  NOP	
L___Lib_I2C_12_I2C2_Wait_For_Idle157:
;__Lib_I2C_12.c, 279 :: 		
0x9D00084C	0x14800006  BNE	R4, R0, L___Lib_I2C_12_I2C2_Wait_For_Idle41
0x9D000850	0x70000000  NOP	
L___Lib_I2C_12_I2C2_Wait_For_Idle158:
; timeout end address is: 16 (R4)
;__Lib_I2C_12.c, 281 :: 		
0x9D000854	0x8C3E8048  LW	R30, Offset(_I2C2_Timeout_Ptr+0)(GP)
0x9D000858	0x03C0F809  JALR	RA, R30
0x9D00085C	0x70000000  NOP	
;__Lib_I2C_12.c, 282 :: 		
0x9D000860	0x0B400220  J	L___Lib_I2C_12_I2C2_Wait_For_Idle39
0x9D000864	0x70000000  NOP	
;__Lib_I2C_12.c, 283 :: 		
L___Lib_I2C_12_I2C2_Wait_For_Idle41:
;__Lib_I2C_12.c, 284 :: 		
; timeout start address is: 16 (R4)
0x9D000868	0x2482FFFF  ADDIU	R2, R4, -1
; timeout end address is: 16 (R4)
; timeout start address is: 12 (R3)
0x9D00086C	0x0040180A  MOVZ	R3, R2, R0
; timeout end address is: 12 (R3)
;__Lib_I2C_12.c, 285 :: 		
0x9D000870	0x0B40021E  J	L___Lib_I2C_12_I2C2_Wait_For_Idle40
0x9D000874	0x0060200A  MOVZ	R4, R3, R0
L___Lib_I2C_12_I2C2_Wait_For_Idle86:
;__Lib_I2C_12.c, 277 :: 		
;__Lib_I2C_12.c, 285 :: 		
L___Lib_I2C_12_I2C2_Wait_For_Idle40:
;__Lib_I2C_12.c, 286 :: 		
; timeout start address is: 16 (R4)
; timeout end address is: 16 (R4)
0x9D000878	0x0B40020C  J	L___Lib_I2C_12_I2C2_Wait_For_Idle38
0x9D00087C	0x70000000  NOP	
L___Lib_I2C_12_I2C2_Wait_For_Idle39:
;__Lib_I2C_12.c, 287 :: 		
L_end_I2C2_Wait_For_Idle:
0x9D000880	0x8FBF0000  LW	RA, 0(SP)
0x9D000884	0x03E00008  JR	RA
0x9D000888	0x27BD0004  ADDIU	SP, SP, 4
; end of __Lib_I2C_12_I2C2_Wait_For_Idle
_I2C2_Is_Idle:
;__Lib_I2C_12.c, 264 :: 		
0x9D0000E4	0x27BDFFFC  ADDIU	SP, SP, -4
;__Lib_I2C_12.c, 266 :: 		
0x9D0000E8	0x3C1EBF80  LUI	R30, 49024
0x9D0000EC	0x93C25200  LBU	R2, 20992(R30)
0x9D0000F0	0x7C420000  EXT	R2, R2, 0, 1
0x9D0000F4	0x304300FF  ANDI	R3, R2, 255
0x9D0000F8	0x3C1EBF80  LUI	R30, 49024
0x9D0000FC	0x93C25200  LBU	R2, 20992(R30)
0x9D000100	0x7C420080  EXT	R2, R2, 2, 1
0x9D000104	0x00621825  OR	R3, R3, R2
0x9D000108	0x3C1EBF80  LUI	R30, 49024
0x9D00010C	0x93C25200  LBU	R2, 20992(R30)
0x9D000110	0x7C4200C0  EXT	R2, R2, 3, 1
0x9D000114	0x00621825  OR	R3, R3, R2
0x9D000118	0x3C1EBF80  LUI	R30, 49024
0x9D00011C	0x93C25200  LBU	R2, 20992(R30)
0x9D000120	0x7C420100  EXT	R2, R2, 4, 1
0x9D000124	0x00621825  OR	R3, R3, R2
;__Lib_I2C_12.c, 267 :: 		
0x9D000128	0x3C1EBF80  LUI	R30, 49024
0x9D00012C	0x93C25200  LBU	R2, 20992(R30)
0x9D000130	0x7C420040  EXT	R2, R2, 1, 1
0x9D000134	0x00621825  OR	R3, R3, R2
0x9D000138	0x3C1EBF80  LUI	R30, 49024
0x9D00013C	0x93C25211  LBU	R2, 21009(R30)
0x9D000140	0x7C420180  EXT	R2, R2, 6, 1
0x9D000144	0x00621025  OR	R2, R3, R2
; idle start address is: 12 (R3)
0x9D000148	0x304300FF  ANDI	R3, R2, 255
;__Lib_I2C_12.c, 268 :: 		
0x9D00014C	0x2C620001  SLTIU	R2, R3, 1
; idle end address is: 12 (R3)
0x9D000150	0x304200FF  ANDI	R2, R2, 255
;__Lib_I2C_12.c, 269 :: 		
L_end_I2C2_Is_Idle:
0x9D000154	0x03E00008  JR	RA
0x9D000158	0x27BD0004  ADDIU	SP, SP, 4
; end of _I2C2_Is_Idle
_I2C_Set_Active:
;__Lib_I2C_12.c, 483 :: 		
0x9D00088C	0x27BDFFFC  ADDIU	SP, SP, -4
; stop_ptr start address is: 8 (R2)
0x9D000890	0x8FA20004  LW	R2, 4(SP)
; is_idle_ptr start address is: 12 (R3)
0x9D000894	0x8FA30008  LW	R3, 8(SP)
;__Lib_I2C_12.c, 484 :: 		
0x9D000898	0xAC23804C  SW	R3, Offset(_I2C_Is_Idle_Ptr+0)(GP)
; is_idle_ptr end address is: 12 (R3)
;__Lib_I2C_12.c, 485 :: 		
0x9D00089C	0xAC398050  SW	R25, Offset(_I2C_Start_Ptr+0)(GP)
;__Lib_I2C_12.c, 486 :: 		
0x9D0008A0	0xAC3A8044  SW	R26, Offset(_I2C_Restart_Ptr+0)(GP)
;__Lib_I2C_12.c, 487 :: 		
0x9D0008A4	0xAC3B8038  SW	R27, Offset(_I2C_Read_Ptr+0)(GP)
;__Lib_I2C_12.c, 488 :: 		
0x9D0008A8	0xAC3C803C  SW	R28, Offset(_I2C_Write_Ptr+0)(GP)
;__Lib_I2C_12.c, 489 :: 		
0x9D0008AC	0xAC228040  SW	R2, Offset(_I2C_Stop_Ptr+0)(GP)
; stop_ptr end address is: 8 (R2)
;__Lib_I2C_12.c, 490 :: 		
L_end_I2C_Set_Active:
0x9D0008B0	0x03E00008  JR	RA
0x9D0008B4	0x27BD0004  ADDIU	SP, SP, 4
; end of _I2C_Set_Active
_UART2_Init:
;__Lib_UART_12.c, 217 :: 		
0x9D0006D8	0x27BDFFEC  ADDIU	SP, SP, -20
0x9D0006DC	0xAFBF0000  SW	RA, 0(SP)
;__Lib_UART_12.c, 220 :: 		
0x9D0006E0	0xAFB90004  SW	R25, 4(SP)
0x9D0006E4	0xAFBA0008  SW	R26, 8(SP)
0x9D0006E8	0xAFBB000C  SW	R27, 12(SP)
0x9D0006EC	0x3C029D00  LUI	R2, hi_addr(_UART2_Write+0)
0x9D0006F0	0x34420000  ORI	R2, R2, lo_addr(_UART2_Write+0)
0x9D0006F4	0xAC228014  SW	R2, Offset(_UART_Wr_Ptr+0)(GP)
;__Lib_UART_12.c, 221 :: 		
0x9D0006F8	0x3C02FFFF  LUI	R2, hi_addr(_UART2_Read+0)
0x9D0006FC	0x3442FFFF  ORI	R2, R2, lo_addr(_UART2_Read+0)
0x9D000700	0xAC228010  SW	R2, Offset(_UART_Rd_Ptr+0)(GP)
;__Lib_UART_12.c, 222 :: 		
0x9D000704	0x3C02FFFF  LUI	R2, hi_addr(_UART2_Data_Ready+0)
0x9D000708	0x3442FFFF  ORI	R2, R2, lo_addr(_UART2_Data_Ready+0)
0x9D00070C	0xAC228028  SW	R2, Offset(_UART_Rdy_Ptr+0)(GP)
;__Lib_UART_12.c, 223 :: 		
0x9D000710	0x3C02FFFF  LUI	R2, hi_addr(_UART2_Tx_Idle+0)
0x9D000714	0x3442FFFF  ORI	R2, R2, lo_addr(_UART2_Tx_Idle+0)
;__Lib_UART_12.c, 225 :: 		
0x9D000718	0x0F40012E  JAL	_Get_Fosc_kHz+0
0x9D00071C	0xAC22802C  SW	R2, Offset(_UART_Tx_Idle_Ptr+0)(GP)
0x9D000720	0xAFB90010  SW	R25, 16(SP)
0x9D000724	0x0000D80A  MOVZ	R27, R0, R0
0x9D000728	0x0320D00A  MOVZ	R26, R25, R0
0x9D00072C	0x0F400057  JAL	__Lib_UART_12_UART_Calc_BRG+0
0x9D000730	0x0040C80A  MOVZ	R25, R2, R0
0x9D000734	0x8FB90010  LW	R25, 16(SP)
; brg_tmp start address is: 16 (R4)
0x9D000738	0x0040200A  MOVZ	R4, R2, R0
;__Lib_UART_12.c, 226 :: 		
0x9D00073C	0x34030008  ORI	R3, R0, 8
0x9D000740	0x3C1EBF80  LUI	R30, 49024
;__Lib_UART_12.c, 227 :: 		
0x9D000744	0x1440000C  BNE	R2, R0, L__UART2_Init57
0x9D000748	0xAFC36204  SW	R3, 25092(R30)
L__UART2_Init104:
; brg_tmp end address is: 16 (R4)
;__Lib_UART_12.c, 228 :: 		
0x9D00074C	0x0F40012E  JAL	_Get_Fosc_kHz+0
0x9D000750	0x70000000  NOP	
0x9D000754	0x341B0001  ORI	R27, R0, 1
0x9D000758	0x0320D00A  MOVZ	R26, R25, R0
0x9D00075C	0x0F400057  JAL	__Lib_UART_12_UART_Calc_BRG+0
0x9D000760	0x0040C80A  MOVZ	R25, R2, R0
; brg_tmp start address is: 12 (R3)
0x9D000764	0x0040180A  MOVZ	R3, R2, R0
;__Lib_UART_12.c, 229 :: 		
0x9D000768	0x34020008  ORI	R2, R0, 8
0x9D00076C	0x3C1EBF80  LUI	R30, 49024
; brg_tmp end address is: 12 (R3)
;__Lib_UART_12.c, 230 :: 		
0x9D000770	0x0B4001DF  J	L_UART2_Init35
0x9D000774	0xAFC26208  SW	R2, 25096(R30)
L__UART2_Init57:
;__Lib_UART_12.c, 227 :: 		
0x9D000778	0x0080180A  MOVZ	R3, R4, R0
;__Lib_UART_12.c, 230 :: 		
L_UART2_Init35:
;__Lib_UART_12.c, 231 :: 		
; brg_tmp start address is: 12 (R3)
0x9D00077C	0x2462FFFF  ADDIU	R2, R3, -1
; brg_tmp end address is: 12 (R3)
0x9D000780	0x3C1EBF80  LUI	R30, 49024
0x9D000784	0xAFC26240  SW	R2, 25152(R30)
;__Lib_UART_12.c, 232 :: 		
0x9D000788	0x3C1EBF80  LUI	R30, 49024
0x9D00078C	0x8FC26200  LW	R2, 25088(R30)
0x9D000790	0x34428000  ORI	R2, R2, 32768
0x9D000794	0x3C1EBF80  LUI	R30, 49024
0x9D000798	0xAFC26200  SW	R2, 25088(R30)
;__Lib_UART_12.c, 233 :: 		
0x9D00079C	0x34021400  ORI	R2, R0, 5120
0x9D0007A0	0x3C1EBF80  LUI	R30, 49024
0x9D0007A4	0xAFC26210  SW	R2, 25104(R30)
;__Lib_UART_12.c, 234 :: 		
L_end_UART2_Init:
0x9D0007A8	0x8FBB000C  LW	R27, 12(SP)
0x9D0007AC	0x8FBA0008  LW	R26, 8(SP)
0x9D0007B0	0x8FB90004  LW	R25, 4(SP)
0x9D0007B4	0x8FBF0000  LW	RA, 0(SP)
0x9D0007B8	0x03E00008  JR	RA
0x9D0007BC	0x27BD0014  ADDIU	SP, SP, 20
; end of _UART2_Init
__Lib_UART_12_UART_Calc_BRG:
;__Lib_UART_12.c, 19 :: 		
0x9D00015C	0x27BDFFFC  ADDIU	SP, SP, -4
;__Lib_UART_12.c, 21 :: 		
0x9D000160	0x340203E8  ORI	R2, R0, 1000
0x9D000164	0x03220019  MULTU	R25, R2
0x9D000168	0x00001012  MFLO	R2
; tmp start address is: 12 (R3)
0x9D00016C	0x0040180A  MOVZ	R3, R2, R0
;__Lib_UART_12.c, 23 :: 		
0x9D000170	0x3C1EBF81  LUI	R30, 49025
0x9D000174	0x8FC2F000  LW	R2, -4096(R30)
0x9D000178	0x7C420CC0  EXT	R2, R2, 19, 2
0x9D00017C	0x00431006  SRLV	R2, R3, R2
0x9D000180	0x0040180A  MOVZ	R3, R2, R0
;__Lib_UART_12.c, 26 :: 		
0x9D000184	0x336200FF  ANDI	R2, R27, 255
0x9D000188	0x14400004  BNE	R2, R0, L___Lib_UART_12_UART_Calc_BRG0
0x9D00018C	0x70000000  NOP	
L___Lib_UART_12_UART_Calc_BRG61:
;__Lib_UART_12.c, 27 :: 		
0x9D000190	0x001A1100  SLL	R2, R26, 4
; tmp1 start address is: 16 (R4)
; tmp1 end address is: 16 (R4)
0x9D000194	0x0B400069  J	L___Lib_UART_12_UART_Calc_BRG1
0x9D000198	0x0040200A  MOVZ	R4, R2, R0
L___Lib_UART_12_UART_Calc_BRG0:
;__Lib_UART_12.c, 29 :: 		
0x9D00019C	0x001A1080  SLL	R2, R26, 2
; tmp1 start address is: 16 (R4)
0x9D0001A0	0x0040200A  MOVZ	R4, R2, R0
; tmp1 end address is: 16 (R4)
L___Lib_UART_12_UART_Calc_BRG1:
;__Lib_UART_12.c, 31 :: 		
; tmp1 start address is: 16 (R4)
0x9D0001A4	0x0064001B  DIVU	R3, R4
0x9D0001A8	0x00001010  MFHI	R2
; tmp2 start address is: 20 (R5)
0x9D0001AC	0x0040280A  MOVZ	R5, R2, R0
;__Lib_UART_12.c, 32 :: 		
0x9D0001B0	0x0064001B  DIVU	R3, R4
0x9D0001B4	0x00001012  MFLO	R2
0x9D0001B8	0x0040180A  MOVZ	R3, R2, R0
;__Lib_UART_12.c, 34 :: 		
0x9D0001BC	0x00041042  SRL	R2, R4, 1
; tmp1 end address is: 16 (R4)
0x9D0001C0	0x0045102B  SLTU	R2, R2, R5
0x9D0001C4	0x10400005  BEQ	R2, R0, L___Lib_UART_12_UART_Calc_BRG52
0x9D0001C8	0x70000000  NOP	
L___Lib_UART_12_UART_Calc_BRG62:
; tmp2 end address is: 20 (R5)
;__Lib_UART_12.c, 35 :: 		
0x9D0001CC	0x24620001  ADDIU	R2, R3, 1
0x9D0001D0	0x0040180A  MOVZ	R3, R2, R0
; tmp end address is: 12 (R3)
0x9D0001D4	0x0B400078  J	L___Lib_UART_12_UART_Calc_BRG2
0x9D0001D8	0x0060100A  MOVZ	R2, R3, R0
L___Lib_UART_12_UART_Calc_BRG52:
;__Lib_UART_12.c, 34 :: 		
0x9D0001DC	0x0060100A  MOVZ	R2, R3, R0
;__Lib_UART_12.c, 35 :: 		
L___Lib_UART_12_UART_Calc_BRG2:
;__Lib_UART_12.c, 37 :: 		
; tmp start address is: 8 (R2)
; tmp end address is: 8 (R2)
;__Lib_UART_12.c, 38 :: 		
L_end_UART_Calc_BRG:
0x9D0001E0	0x03E00008  JR	RA
0x9D0001E4	0x27BD0004  ADDIU	SP, SP, 4
; end of __Lib_UART_12_UART_Calc_BRG
_InitTimer1:
;_Timers.c, 4 :: 		void InitTimer1(){
;_Timers.c, 6 :: 		T1CON         = 0x8010;
0x9D0007C0	0x34028010  ORI	R2, R0, 32784
0x9D0007C4	0x3C1EBF80  LUI	R30, 49024
0x9D0007C8	0xAFC20600  SW	R2, 1536(R30)
;_Timers.c, 7 :: 		T1IP0_bit         = 1;
0x9D0007CC	0x34020004  ORI	R2, R0, 0x0004
0x9D0007D0	0x3C1EBF88  LUI	R30, 49032
0x9D0007D4	0xA3C210A8  SB	R2, 4264(R30)
;_Timers.c, 8 :: 		T1IP1_bit         = 1;
0x9D0007D8	0x34020008  ORI	R2, R0, 0x0008
0x9D0007DC	0x3C1EBF88  LUI	R30, 49032
0x9D0007E0	0xA3C210A8  SB	R2, 4264(R30)
;_Timers.c, 9 :: 		T1IP2_bit         = 1;
0x9D0007E4	0x34020010  ORI	R2, R0, 0x0010
0x9D0007E8	0x3C1EBF88  LUI	R30, 49032
0x9D0007EC	0xA3C210A8  SB	R2, 4264(R30)
;_Timers.c, 10 :: 		T1IF_bit         = 0;
0x9D0007F0	0x34020010  ORI	R2, R0, 0x0010
0x9D0007F4	0x3C1EBF88  LUI	R30, 49032
0x9D0007F8	0xA3C21034  SB	R2, 4148(R30)
;_Timers.c, 11 :: 		T1IE_bit         = 1;
0x9D0007FC	0x34020010  ORI	R2, R0, 0x0010
0x9D000800	0x3C1EBF88  LUI	R30, 49032
0x9D000804	0xA3C21068  SB	R2, 4200(R30)
;_Timers.c, 12 :: 		PR1                 = 10000;
0x9D000808	0x34022710  ORI	R2, R0, 10000
0x9D00080C	0x3C1EBF80  LUI	R30, 49024
0x9D000810	0xAFC20620  SW	R2, 1568(R30)
;_Timers.c, 13 :: 		TMR1                 = 0;
0x9D000814	0x3C1EBF80  LUI	R30, 49024
0x9D000818	0xAFC00610  SW	R0, 1552(R30)
;_Timers.c, 14 :: 		}
L_end_InitTimer1:
0x9D00081C	0x03E00008  JR	RA
0x9D000820	0x70000000  NOP	
; end of _InitTimer1
_InitISR:
;ISR.c, 7 :: 		void InitISR(){
;ISR.c, 8 :: 		Get_Timer_Values = &Get_Time;
0x9D000920	0x3C029D00  LUI	R2, hi_addr(_Get_Time+0)
0x9D000924	0x344209E8  ORI	R2, R2, lo_addr(_Get_Time+0)
0x9D000928	0xAC228030  SW	R2, Offset(_Get_Timer_Values+0)(GP)
;ISR.c, 9 :: 		EI();
0x9D00092C	0x417E6020  EI	R30
;ISR.c, 10 :: 		}
L_end_InitISR:
0x9D000930	0x03E00008  JR	RA
0x9D000934	0x70000000  NOP	
; end of _InitISR
_ByteToStr:
;__Lib_Conversions.c, 82 :: 		
0x9D000A8C	0x27BDFFFC  ADDIU	SP, SP, -4
;__Lib_Conversions.c, 85 :: 		
; DigitPos start address is: 16 (R4)
0x9D000A90	0x0000200A  MOVZ	R4, R0, R0
; DigitPos end address is: 16 (R4)
L_ByteToStr0:
; DigitPos start address is: 16 (R4)
0x9D000A94	0x308200FF  ANDI	R2, R4, 255
0x9D000A98	0x2C420003  SLTIU	R2, R2, 3
0x9D000A9C	0x10400008  BEQ	R2, R0, L_ByteToStr1
0x9D000AA0	0x70000000  NOP	
L__ByteToStr200:
;__Lib_Conversions.c, 86 :: 		
0x9D000AA4	0x308200FF  ANDI	R2, R4, 255
0x9D000AA8	0x03421821  ADDU	R3, R26, R2
0x9D000AAC	0x34020020  ORI	R2, R0, 32
0x9D000AB0	0xA0620000  SB	R2, 0(R3)
;__Lib_Conversions.c, 85 :: 		
0x9D000AB4	0x24820001  ADDIU	R2, R4, 1
;__Lib_Conversions.c, 86 :: 		
0x9D000AB8	0x0B4002A5  J	L_ByteToStr0
0x9D000ABC	0x304400FF  ANDI	R4, R2, 255
L_ByteToStr1:
;__Lib_Conversions.c, 88 :: 		
0x9D000AC0	0x308200FF  ANDI	R2, R4, 255
0x9D000AC4	0x03421021  ADDU	R2, R26, R2
0x9D000AC8	0xA0400000  SB	R0, 0(R2)
0x9D000ACC	0x2482FFFF  ADDIU	R2, R4, -1
0x9D000AD0	0x304400FF  ANDI	R4, R2, 255
; DigitPos end address is: 16 (R4)
;__Lib_Conversions.c, 90 :: 		
L_ByteToStr3:
;__Lib_Conversions.c, 91 :: 		
; DigitPos start address is: 16 (R4)
0x9D000AD4	0x308200FF  ANDI	R2, R4, 255
0x9D000AD8	0x03421821  ADDU	R3, R26, R2
0x9D000ADC	0x3402000A  ORI	R2, R0, 10
0x9D000AE0	0x0322001B  DIVU	R25, R2
0x9D000AE4	0x00001010  MFHI	R2
0x9D000AE8	0x24420030  ADDIU	R2, R2, 48
0x9D000AEC	0xA0620000  SB	R2, 0(R3)
;__Lib_Conversions.c, 92 :: 		
0x9D000AF0	0x332300FF  ANDI	R3, R25, 255
0x9D000AF4	0x3402000A  ORI	R2, R0, 10
0x9D000AF8	0x0062001B  DIVU	R3, R2
0x9D000AFC	0x00001012  MFLO	R2
0x9D000B00	0x305900FF  ANDI	R25, R2, 255
;__Lib_Conversions.c, 93 :: 		
0x9D000B04	0x304200FF  ANDI	R2, R2, 255
0x9D000B08	0x14400003  BNE	R2, R0, L_ByteToStr5
0x9D000B0C	0x70000000  NOP	
L__ByteToStr201:
; DigitPos end address is: 16 (R4)
;__Lib_Conversions.c, 94 :: 		
0x9D000B10	0x0B4002C9  J	L_ByteToStr4
0x9D000B14	0x70000000  NOP	
L_ByteToStr5:
;__Lib_Conversions.c, 95 :: 		
; DigitPos start address is: 16 (R4)
0x9D000B18	0x2482FFFF  ADDIU	R2, R4, -1
;__Lib_Conversions.c, 96 :: 		
; DigitPos end address is: 16 (R4)
0x9D000B1C	0x0B4002B5  J	L_ByteToStr3
0x9D000B20	0x304400FF  ANDI	R4, R2, 255
L_ByteToStr4:
;__Lib_Conversions.c, 97 :: 		
L_end_ByteToStr:
0x9D000B24	0x03E00008  JR	RA
0x9D000B28	0x27BD0004  ADDIU	SP, SP, 4
; end of _ByteToStr
_WriteData:
;ColourSampling.c, 26 :: 		void WriteData(char *_data){
0x9D000B2C	0x27BDFFFC  ADDIU	SP, SP, -4
0x9D000B30	0xAFBF0000  SW	RA, 0(SP)
;ColourSampling.c, 27 :: 		UART2_Write_Text(_data);
0x9D000B34	0x0F400165  JAL	_UART2_Write_Text+0
0x9D000B38	0x70000000  NOP	
;ColourSampling.c, 28 :: 		}
L_end_WriteData:
0x9D000B3C	0x8FBF0000  LW	RA, 0(SP)
0x9D000B40	0x03E00008  JR	RA
0x9D000B44	0x27BD0004  ADDIU	SP, SP, 4
; end of _WriteData
_UART2_Write_Text:
;__Lib_UART_12.c, 161 :: 		
0x9D000594	0x27BDFFF8  ADDIU	SP, SP, -8
0x9D000598	0xAFBF0000  SW	RA, 0(SP)
;__Lib_UART_12.c, 162 :: 		
; counter start address is: 16 (R4)
0x9D00059C	0x0000200A  MOVZ	R4, R0, R0
;__Lib_UART_12.c, 164 :: 		
0x9D0005A0	0x93220000  LBU	R2, 0(R25)
; data_ start address is: 12 (R3)
0x9D0005A4	0x304300FF  ANDI	R3, R2, 255
; counter end address is: 16 (R4)
; data_ end address is: 12 (R3)
;__Lib_UART_12.c, 165 :: 		
L_UART2_Write_Text24:
; data_ start address is: 12 (R3)
; counter start address is: 16 (R4)
0x9D0005A8	0x306200FF  ANDI	R2, R3, 255
0x9D0005AC	0x1040000C  BEQ	R2, R0, L_UART2_Write_Text25
0x9D0005B0	0x70000000  NOP	
L__UART2_Write_Text90:
;__Lib_UART_12.c, 166 :: 		
0x9D0005B4	0xAFB90004  SW	R25, 4(SP)
; data_ end address is: 12 (R3)
0x9D0005B8	0x0F400000  JAL	_UART2_Write+0
0x9D0005BC	0x307900FF  ANDI	R25, R3, 255
0x9D0005C0	0x8FB90004  LW	R25, 4(SP)
;__Lib_UART_12.c, 167 :: 		
0x9D0005C4	0x24820001  ADDIU	R2, R4, 1
0x9D0005C8	0x304400FF  ANDI	R4, R2, 255
;__Lib_UART_12.c, 168 :: 		
0x9D0005CC	0x304200FF  ANDI	R2, R2, 255
0x9D0005D0	0x03221021  ADDU	R2, R25, R2
0x9D0005D4	0x90420000  LBU	R2, 0(R2)
; data_ start address is: 12 (R3)
;__Lib_UART_12.c, 169 :: 		
; counter end address is: 16 (R4)
; data_ end address is: 12 (R3)
0x9D0005D8	0x0B40016A  J	L_UART2_Write_Text24
0x9D0005DC	0x304300FF  ANDI	R3, R2, 255
L_UART2_Write_Text25:
;__Lib_UART_12.c, 170 :: 		
L_end_UART2_Write_Text:
0x9D0005E0	0x8FBF0000  LW	RA, 0(SP)
0x9D0005E4	0x03E00008  JR	RA
0x9D0005E8	0x27BD0008  ADDIU	SP, SP, 8
; end of _UART2_Write_Text
_UART2_Write:
;__Lib_UART_12.c, 154 :: 		
0x9D000000	0x27BDFFFC  ADDIU	SP, SP, -4
;__Lib_UART_12.c, 157 :: 		
L_UART2_Write22:
0x9D000004	0x3C1EBF80  LUI	R30, 49024
0x9D000008	0x93C26211  LBU	R2, 25105(R30)
0x9D00000C	0x7C420000  EXT	R2, R2, 0, 1
0x9D000010	0x14400003  BNE	R2, R0, L_UART2_Write23
0x9D000014	0x70000000  NOP	
L__UART2_Write87:
0x9D000018	0x0B400001  J	L_UART2_Write22
0x9D00001C	0x70000000  NOP	
L_UART2_Write23:
;__Lib_UART_12.c, 158 :: 		
0x9D000020	0x3322FFFF  ANDI	R2, R25, 65535
0x9D000024	0x3C1EBF80  LUI	R30, 49024
0x9D000028	0xAFC26220  SW	R2, 25120(R30)
;__Lib_UART_12.c, 159 :: 		
L_end_UART2_Write:
0x9D00002C	0x03E00008  JR	RA
0x9D000030	0x27BD0004  ADDIU	SP, SP, 4
; end of _UART2_Write
_TCS3472_Init:
;TCS3472.c, 7 :: 		unsigned short TCS3472_Init(TCS3472_IntegrationTime_t It,TCS3472_Gain_t gain ){
0x9D000A34	0x27BDFFF4  ADDIU	SP, SP, -12
0x9D000A38	0xAFBF0000  SW	RA, 0(SP)
;TCS3472.c, 9 :: 		x = TCS3472_Read8(TCS3472_ID);
0x9D000A3C	0xAFB90004  SW	R25, 4(SP)
0x9D000A40	0xA3BA0008  SB	R26, 8(SP)
0x9D000A44	0xA3B90009  SB	R25, 9(SP)
0x9D000A48	0x0F400147  JAL	_TCS3472_Read8+0
0x9D000A4C	0x34190012  ORI	R25, R0, 18
0x9D000A50	0x93B90009  LBU	R25, 9(SP)
;TCS3472.c, 13 :: 		TCS3472_Initialised = 1;
0x9D000A54	0x9022800E  LBU	R2, Offset(_TCS3472_Bits+0)(GP)
0x9D000A58	0x34420001  ORI	R2, R2, 1
;TCS3472.c, 15 :: 		TCS3472_SetIntergration_Time(It);
0x9D000A5C	0x0F400159  JAL	_TCS3472_SetIntergration_Time+0
0x9D000A60	0xA022800E  SB	R2, Offset(_TCS3472_Bits+0)(GP)
0x9D000A64	0x93BA0008  LBU	R26, 8(SP)
;TCS3472.c, 16 :: 		TCS3472_SetGain(gain);
0x9D000A68	0x0F400190  JAL	_TCS3472_SetGain+0
0x9D000A6C	0x335900FF  ANDI	R25, R26, 255
;TCS3472.c, 17 :: 		TCS3472_Enable();
0x9D000A70	0x0F40017B  JAL	_TCS3472_Enable+0
0x9D000A74	0x70000000  NOP	
;TCS3472.c, 20 :: 		return 2;//TCS3472_Bits;
0x9D000A78	0x34020002  ORI	R2, R0, 2
;TCS3472.c, 21 :: 		}
;TCS3472.c, 20 :: 		return 2;//TCS3472_Bits;
;TCS3472.c, 21 :: 		}
L_end_TCS3472_Init:
0x9D000A7C	0x8FB90004  LW	R25, 4(SP)
0x9D000A80	0x8FBF0000  LW	RA, 0(SP)
0x9D000A84	0x03E00008  JR	RA
0x9D000A88	0x27BD000C  ADDIU	SP, SP, 12
; end of _TCS3472_Init
_TCS3472_Read8:
;TCS3472.c, 39 :: 		unsigned short TCS3472_Read8(unsigned short reg_add){
0x9D00051C	0x27BDFFF4  ADDIU	SP, SP, -12
0x9D000520	0xAFBF0000  SW	RA, 0(SP)
;TCS3472.c, 41 :: 		I2C2_Start();                   // issue I2C start signal
0x9D000524	0xAFB90004  SW	R25, 4(SP)
0x9D000528	0x0F40000D  JAL	_I2C2_Start+0
0x9D00052C	0xA3B90008  SB	R25, 8(SP)
;TCS3472.c, 42 :: 		I2C2_Write(TCS3472_ADDR);       // send byte via I2C  (device address + W)
0x9D000530	0x0F4000AD  JAL	_I2C2_Write+0
0x9D000534	0x34190029  ORI	R25, R0, 41
;TCS3472.c, 43 :: 		I2C2_Write(reg_add);            // send byte (data address)
0x9D000538	0x0F4000AD  JAL	_I2C2_Write+0
0x9D00053C	0x93B90008  LBU	R25, 8(SP)
;TCS3472.c, 44 :: 		temp = I2C2_Read(_I2C_NACK);   // Read the data (NO acknowledge)
0x9D000540	0x0F4000DE  JAL	_I2C2_Read+0
0x9D000544	0x34190001  ORI	R25, R0, 1
;TCS3472.c, 45 :: 		I2C2_Stop();
0x9D000548	0x0F4002D2  JAL	_I2C2_Stop+0
0x9D00054C	0xA3A20009  SB	R2, 9(SP)
;TCS3472.c, 46 :: 		return temp;
0x9D000550	0x93A20009  LBU	R2, 9(SP)
;TCS3472.c, 47 :: 		}
;TCS3472.c, 46 :: 		return temp;
;TCS3472.c, 47 :: 		}
L_end_TCS3472_Read8:
0x9D000554	0x8FB90004  LW	R25, 4(SP)
0x9D000558	0x8FBF0000  LW	RA, 0(SP)
0x9D00055C	0x03E00008  JR	RA
0x9D000560	0x27BD000C  ADDIU	SP, SP, 12
; end of _TCS3472_Read8
_I2C2_Start:
;__Lib_I2C_12.c, 290 :: 		
0x9D000034	0x27BDFFF4  ADDIU	SP, SP, -12
0x9D000038	0xAFBF0000  SW	RA, 0(SP)
;__Lib_I2C_12.c, 292 :: 		
0x9D00003C	0xAFB90004  SW	R25, 4(SP)
; timeout start address is: 12 (R3)
0x9D000040	0x8C238004  LW	R3, Offset(__Lib_I2C_12__I2C2_TIMEOUT+0)(GP)
;__Lib_I2C_12.c, 294 :: 		
0x9D000044	0xAFA30008  SW	R3, 8(SP)
0x9D000048	0x0F400209  JAL	__Lib_I2C_12_I2C2_Wait_For_Idle+0
0x9D00004C	0x34190005  ORI	R25, R0, 5
0x9D000050	0x8FA30008  LW	R3, 8(SP)
;__Lib_I2C_12.c, 296 :: 		
0x9D000054	0x34020001  ORI	R2, R0, 1
0x9D000058	0x3C1EBF80  LUI	R30, 49024
0x9D00005C	0xAFC25208  SW	R2, 21000(R30)
;__Lib_I2C_12.c, 299 :: 		
0x9D000060	0x3C1EBF80  LUI	R30, 49024
0x9D000064	0x93C25211  LBU	R2, 21009(R30)
0x9D000068	0x7C420080  EXT	R2, R2, 2, 1
0x9D00006C	0x10400003  BEQ	R2, R0, L_I2C2_Start42
0x9D000070	0x70000000  NOP	
L__I2C2_Start161:
; timeout end address is: 12 (R3)
;__Lib_I2C_12.c, 300 :: 		
0x9D000074	0x0B400035  J	L_end_I2C2_Start
0x9D000078	0x3402FFFF  ORI	R2, R0, 65535
;__Lib_I2C_12.c, 301 :: 		
L_I2C2_Start42:
;__Lib_I2C_12.c, 302 :: 		
; timeout start address is: 12 (R3)
L_I2C2_Start43:
; timeout end address is: 12 (R3)
; timeout start address is: 12 (R3)
0x9D00007C	0x3C1EBF80  LUI	R30, 49024
0x9D000080	0x93C25200  LBU	R2, 20992(R30)
0x9D000084	0x7C420000  EXT	R2, R2, 0, 1
0x9D000088	0x10400011  BEQ	R2, 1, L_I2C2_Start44
0x9D00008C	0x70000000  NOP	
L__I2C2_Start163:
;__Lib_I2C_12.c, 303 :: 		
0x9D000090	0x8C228004  LW	R2, Offset(__Lib_I2C_12__I2C2_TIMEOUT+0)(GP)
0x9D000094	0x1040000C  BEQ	R2, R0, L__I2C2_Start87
0x9D000098	0x70000000  NOP	
L__I2C2_Start165:
;__Lib_I2C_12.c, 305 :: 		
0x9D00009C	0x14600007  BNE	R3, R0, L_I2C2_Start46
0x9D0000A0	0x70000000  NOP	
L__I2C2_Start166:
; timeout end address is: 12 (R3)
;__Lib_I2C_12.c, 307 :: 		
0x9D0000A4	0x34190005  ORI	R25, R0, 5
0x9D0000A8	0x8C3E8048  LW	R30, Offset(_I2C2_Timeout_Ptr+0)(GP)
0x9D0000AC	0x03C0F809  JALR	RA, R30
0x9D0000B0	0x70000000  NOP	
;__Lib_I2C_12.c, 308 :: 		
0x9D0000B4	0x0B400034  J	L_I2C2_Start44
0x9D0000B8	0x70000000  NOP	
;__Lib_I2C_12.c, 309 :: 		
L_I2C2_Start46:
;__Lib_I2C_12.c, 310 :: 		
; timeout start address is: 12 (R3)
0x9D0000BC	0x2462FFFF  ADDIU	R2, R3, -1
; timeout end address is: 12 (R3)
;__Lib_I2C_12.c, 311 :: 		
0x9D0000C0	0x0B400032  J	L_I2C2_Start45
0x9D0000C4	0x0040180A  MOVZ	R3, R2, R0
L__I2C2_Start87:
;__Lib_I2C_12.c, 303 :: 		
;__Lib_I2C_12.c, 311 :: 		
L_I2C2_Start45:
;__Lib_I2C_12.c, 312 :: 		
; timeout start address is: 12 (R3)
; timeout end address is: 12 (R3)
0x9D0000C8	0x0B40001F  J	L_I2C2_Start43
0x9D0000CC	0x70000000  NOP	
L_I2C2_Start44:
;__Lib_I2C_12.c, 313 :: 		
0x9D0000D0	0x0000100A  MOVZ	R2, R0, R0
;__Lib_I2C_12.c, 314 :: 		
;__Lib_I2C_12.c, 313 :: 		
;__Lib_I2C_12.c, 314 :: 		
L_end_I2C2_Start:
0x9D0000D4	0x8FB90004  LW	R25, 4(SP)
0x9D0000D8	0x8FBF0000  LW	RA, 0(SP)
0x9D0000DC	0x03E00008  JR	RA
0x9D0000E0	0x27BD000C  ADDIU	SP, SP, 12
; end of _I2C2_Start
_I2C2_Write:
;__Lib_I2C_12.c, 364 :: 		
0x9D0002B4	0x27BDFFF8  ADDIU	SP, SP, -8
0x9D0002B8	0xAFBF0000  SW	RA, 0(SP)
;__Lib_I2C_12.c, 366 :: 		
0x9D0002BC	0xAFB90004  SW	R25, 4(SP)
; timeout start address is: 12 (R3)
0x9D0002C0	0x8C238004  LW	R3, Offset(__Lib_I2C_12__I2C2_TIMEOUT+0)(GP)
;__Lib_I2C_12.c, 368 :: 		
0x9D0002C4	0x332200FF  ANDI	R2, R25, 255
0x9D0002C8	0x3C1EBF80  LUI	R30, 49024
0x9D0002CC	0xAFC25250  SW	R2, 21072(R30)
;__Lib_I2C_12.c, 370 :: 		
0x9D0002D0	0x3C1EBF80  LUI	R30, 49024
0x9D0002D4	0x93C25210  LBU	R2, 21008(R30)
0x9D0002D8	0x7C4201C0  EXT	R2, R2, 7, 1
0x9D0002DC	0x10400003  BEQ	R2, R0, L_I2C2_Write58
0x9D0002E0	0x70000000  NOP	
L__I2C2_Write183:
; timeout end address is: 12 (R3)
;__Lib_I2C_12.c, 371 :: 		
0x9D0002E4	0x0B4000DA  J	L_end_I2C2_Write
0x9D0002E8	0x3402FFFF  ORI	R2, R0, 65535
L_I2C2_Write58:
;__Lib_I2C_12.c, 373 :: 		
; timeout start address is: 12 (R3)
L_I2C2_Write60:
; timeout end address is: 12 (R3)
; timeout start address is: 12 (R3)
0x9D0002EC	0x3C1EBF80  LUI	R30, 49024
0x9D0002F0	0x93C25210  LBU	R2, 21008(R30)
0x9D0002F4	0x7C420000  EXT	R2, R2, 0, 1
0x9D0002F8	0x10400011  BEQ	R2, R0, L_I2C2_Write61
0x9D0002FC	0x70000000  NOP	
L__I2C2_Write185:
;__Lib_I2C_12.c, 374 :: 		
0x9D000300	0x8C228004  LW	R2, Offset(__Lib_I2C_12__I2C2_TIMEOUT+0)(GP)
0x9D000304	0x1040000C  BEQ	R2, R0, L__I2C2_Write93
0x9D000308	0x70000000  NOP	
L__I2C2_Write187:
;__Lib_I2C_12.c, 376 :: 		
0x9D00030C	0x14600007  BNE	R3, R0, L_I2C2_Write63
0x9D000310	0x70000000  NOP	
L__I2C2_Write188:
; timeout end address is: 12 (R3)
;__Lib_I2C_12.c, 378 :: 		
0x9D000314	0x34190004  ORI	R25, R0, 4
0x9D000318	0x8C3E8048  LW	R30, Offset(_I2C2_Timeout_Ptr+0)(GP)
0x9D00031C	0x03C0F809  JALR	RA, R30
0x9D000320	0x70000000  NOP	
;__Lib_I2C_12.c, 379 :: 		
0x9D000324	0x0B4000D0  J	L_I2C2_Write61
0x9D000328	0x70000000  NOP	
;__Lib_I2C_12.c, 380 :: 		
L_I2C2_Write63:
;__Lib_I2C_12.c, 381 :: 		
; timeout start address is: 12 (R3)
0x9D00032C	0x2462FFFF  ADDIU	R2, R3, -1
; timeout end address is: 12 (R3)
;__Lib_I2C_12.c, 382 :: 		
0x9D000330	0x0B4000CE  J	L_I2C2_Write62
0x9D000334	0x0040180A  MOVZ	R3, R2, R0
L__I2C2_Write93:
;__Lib_I2C_12.c, 374 :: 		
;__Lib_I2C_12.c, 382 :: 		
L_I2C2_Write62:
;__Lib_I2C_12.c, 383 :: 		
; timeout start address is: 12 (R3)
; timeout end address is: 12 (R3)
0x9D000338	0x0B4000BB  J	L_I2C2_Write60
0x9D00033C	0x70000000  NOP	
L_I2C2_Write61:
;__Lib_I2C_12.c, 384 :: 		
0x9D000340	0x0F400209  JAL	__Lib_I2C_12_I2C2_Wait_For_Idle+0
0x9D000344	0x34190004  ORI	R25, R0, 4
;__Lib_I2C_12.c, 386 :: 		
0x9D000348	0x3C1EBF80  LUI	R30, 49024
0x9D00034C	0x93C25211  LBU	R2, 21009(R30)
0x9D000350	0x7C4201C0  EXT	R2, R2, 7, 1
0x9D000354	0x10400003  BEQ	R2, R0, L_I2C2_Write64
0x9D000358	0x70000000  NOP	
L__I2C2_Write190:
;__Lib_I2C_12.c, 387 :: 		
0x9D00035C	0x0B4000DA  J	L_end_I2C2_Write
0x9D000360	0x3402FFFE  ORI	R2, R0, 65534
L_I2C2_Write64:
;__Lib_I2C_12.c, 389 :: 		
0x9D000364	0x0000100A  MOVZ	R2, R0, R0
;__Lib_I2C_12.c, 391 :: 		
;__Lib_I2C_12.c, 389 :: 		
;__Lib_I2C_12.c, 391 :: 		
L_end_I2C2_Write:
0x9D000368	0x8FB90004  LW	R25, 4(SP)
0x9D00036C	0x8FBF0000  LW	RA, 0(SP)
0x9D000370	0x03E00008  JR	RA
0x9D000374	0x27BD0008  ADDIU	SP, SP, 8
; end of _I2C2_Write
_I2C2_Read:
;__Lib_I2C_12.c, 396 :: 		
0x9D000378	0x27BDFFF0  ADDIU	SP, SP, -16
0x9D00037C	0xAFBF0000  SW	RA, 0(SP)
;__Lib_I2C_12.c, 398 :: 		
0x9D000380	0xAFB90004  SW	R25, 4(SP)
; timeout start address is: 12 (R3)
0x9D000384	0x8C238004  LW	R3, Offset(__Lib_I2C_12__I2C2_TIMEOUT+0)(GP)
;__Lib_I2C_12.c, 400 :: 		
0x9D000388	0xAFA30008  SW	R3, 8(SP)
0x9D00038C	0xA7B9000C  SH	R25, 12(SP)
0x9D000390	0x0F400209  JAL	__Lib_I2C_12_I2C2_Wait_For_Idle+0
0x9D000394	0x34190003  ORI	R25, R0, 3
0x9D000398	0x97B9000C  LHU	R25, 12(SP)
0x9D00039C	0x8FA30008  LW	R3, 8(SP)
;__Lib_I2C_12.c, 401 :: 		
0x9D0003A0	0x34020008  ORI	R2, R0, 8
0x9D0003A4	0x3C1EBF80  LUI	R30, 49024
0x9D0003A8	0xAFC25208  SW	R2, 21000(R30)
; timeout end address is: 12 (R3)
;__Lib_I2C_12.c, 402 :: 		
L_I2C2_Read66:
; timeout start address is: 12 (R3)
0x9D0003AC	0x3C1EBF80  LUI	R30, 49024
0x9D0003B0	0x93C25200  LBU	R2, 20992(R30)
0x9D0003B4	0x7C4200C0  EXT	R2, R2, 3, 1
0x9D0003B8	0x10400014  BEQ	R2, R0, L_I2C2_Read67
0x9D0003BC	0x70000000  NOP	
L__I2C2_Read193:
;__Lib_I2C_12.c, 403 :: 		
0x9D0003C0	0x8C228004  LW	R2, Offset(__Lib_I2C_12__I2C2_TIMEOUT+0)(GP)
0x9D0003C4	0x1040000F  BEQ	R2, R0, L__I2C2_Read94
0x9D0003C8	0x70000000  NOP	
L__I2C2_Read195:
;__Lib_I2C_12.c, 405 :: 		
0x9D0003CC	0x1460000A  BNE	R3, R0, L_I2C2_Read69
0x9D0003D0	0x70000000  NOP	
L__I2C2_Read196:
;__Lib_I2C_12.c, 407 :: 		
0x9D0003D4	0xAFA30008  SW	R3, 8(SP)
0x9D0003D8	0xA7B9000C  SH	R25, 12(SP)
0x9D0003DC	0x34190003  ORI	R25, R0, 3
0x9D0003E0	0x8C3E8048  LW	R30, Offset(_I2C2_Timeout_Ptr+0)(GP)
0x9D0003E4	0x03C0F809  JALR	RA, R30
0x9D0003E8	0x70000000  NOP	
0x9D0003EC	0x97B9000C  LHU	R25, 12(SP)
;__Lib_I2C_12.c, 408 :: 		
0x9D0003F0	0x0B400103  J	L_I2C2_Read67
0x9D0003F4	0x8FA30008  LW	R3, 8(SP)
;__Lib_I2C_12.c, 409 :: 		
L_I2C2_Read69:
;__Lib_I2C_12.c, 410 :: 		
0x9D0003F8	0x2462FFFF  ADDIU	R2, R3, -1
; timeout end address is: 12 (R3)
;__Lib_I2C_12.c, 411 :: 		
0x9D0003FC	0x0B400101  J	L_I2C2_Read68
0x9D000400	0x0040180A  MOVZ	R3, R2, R0
L__I2C2_Read94:
;__Lib_I2C_12.c, 403 :: 		
;__Lib_I2C_12.c, 411 :: 		
L_I2C2_Read68:
;__Lib_I2C_12.c, 412 :: 		
; timeout start address is: 12 (R3)
0x9D000404	0x0B4000EB  J	L_I2C2_Read66
0x9D000408	0x70000000  NOP	
L_I2C2_Read67:
;__Lib_I2C_12.c, 413 :: 		
0x9D00040C	0x34020040  ORI	R2, R0, 64
0x9D000410	0x3C1EBF80  LUI	R30, 49024
0x9D000414	0xAFC25214  SW	R2, 21012(R30)
;__Lib_I2C_12.c, 415 :: 		
0x9D000418	0x3322FFFF  ANDI	R2, R25, 65535
0x9D00041C	0x14400005  BNE	R2, R0, L_I2C2_Read70
0x9D000420	0x70000000  NOP	
L__I2C2_Read197:
;__Lib_I2C_12.c, 416 :: 		
0x9D000424	0x34020020  ORI	R2, R0, 32
0x9D000428	0x3C1EBF80  LUI	R30, 49024
0x9D00042C	0x0B400110  J	L_I2C2_Read71
0x9D000430	0xAFC25204  SW	R2, 20996(R30)
L_I2C2_Read70:
;__Lib_I2C_12.c, 418 :: 		
0x9D000434	0x34020020  ORI	R2, R0, 32
0x9D000438	0x3C1EBF80  LUI	R30, 49024
0x9D00043C	0xAFC25208  SW	R2, 21000(R30)
L_I2C2_Read71:
;__Lib_I2C_12.c, 420 :: 		
0x9D000440	0x34020010  ORI	R2, R0, 16
0x9D000444	0x3C1EBF80  LUI	R30, 49024
0x9D000448	0xAFC25208  SW	R2, 21000(R30)
; timeout end address is: 12 (R3)
;__Lib_I2C_12.c, 421 :: 		
L_I2C2_Read72:
; timeout start address is: 12 (R3)
0x9D00044C	0x3C1EBF80  LUI	R30, 49024
0x9D000450	0x93C25200  LBU	R2, 20992(R30)
0x9D000454	0x7C420100  EXT	R2, R2, 4, 1
0x9D000458	0x10400011  BEQ	R2, 1, L_I2C2_Read73
0x9D00045C	0x70000000  NOP	
L__I2C2_Read199:
;__Lib_I2C_12.c, 422 :: 		
0x9D000460	0x8C228004  LW	R2, Offset(__Lib_I2C_12__I2C2_TIMEOUT+0)(GP)
0x9D000464	0x1040000C  BEQ	R2, R0, L__I2C2_Read95
0x9D000468	0x70000000  NOP	
L__I2C2_Read201:
;__Lib_I2C_12.c, 424 :: 		
0x9D00046C	0x14600007  BNE	R3, R0, L_I2C2_Read75
0x9D000470	0x70000000  NOP	
L__I2C2_Read202:
; timeout end address is: 12 (R3)
;__Lib_I2C_12.c, 426 :: 		
0x9D000474	0x34190003  ORI	R25, R0, 3
0x9D000478	0x8C3E8048  LW	R30, Offset(_I2C2_Timeout_Ptr+0)(GP)
0x9D00047C	0x03C0F809  JALR	RA, R30
0x9D000480	0x70000000  NOP	
;__Lib_I2C_12.c, 427 :: 		
0x9D000484	0x0B400128  J	L_I2C2_Read73
0x9D000488	0x70000000  NOP	
;__Lib_I2C_12.c, 428 :: 		
L_I2C2_Read75:
;__Lib_I2C_12.c, 429 :: 		
; timeout start address is: 12 (R3)
0x9D00048C	0x2462FFFF  ADDIU	R2, R3, -1
; timeout end address is: 12 (R3)
;__Lib_I2C_12.c, 430 :: 		
0x9D000490	0x0B400126  J	L_I2C2_Read74
0x9D000494	0x0040180A  MOVZ	R3, R2, R0
L__I2C2_Read95:
;__Lib_I2C_12.c, 422 :: 		
;__Lib_I2C_12.c, 430 :: 		
L_I2C2_Read74:
;__Lib_I2C_12.c, 431 :: 		
; timeout start address is: 12 (R3)
; timeout end address is: 12 (R3)
0x9D000498	0x0B400113  J	L_I2C2_Read72
0x9D00049C	0x70000000  NOP	
L_I2C2_Read73:
;__Lib_I2C_12.c, 433 :: 		
0x9D0004A0	0x3C1EBF80  LUI	R30, 49024
0x9D0004A4	0x8FC25260  LW	R2, 21088(R30)
;__Lib_I2C_12.c, 434 :: 		
;__Lib_I2C_12.c, 433 :: 		
;__Lib_I2C_12.c, 434 :: 		
L_end_I2C2_Read:
0x9D0004A8	0x8FB90004  LW	R25, 4(SP)
0x9D0004AC	0x8FBF0000  LW	RA, 0(SP)
0x9D0004B0	0x03E00008  JR	RA
0x9D0004B4	0x27BD0010  ADDIU	SP, SP, 16
; end of _I2C2_Read
_I2C2_Stop:
;__Lib_I2C_12.c, 344 :: 		
0x9D000B48	0x27BDFFF4  ADDIU	SP, SP, -12
0x9D000B4C	0xAFBF0000  SW	RA, 0(SP)
;__Lib_I2C_12.c, 346 :: 		
0x9D000B50	0xAFB90004  SW	R25, 4(SP)
; timeout start address is: 12 (R3)
0x9D000B54	0x8C238004  LW	R3, Offset(__Lib_I2C_12__I2C2_TIMEOUT+0)(GP)
;__Lib_I2C_12.c, 348 :: 		
0x9D000B58	0xAFA30008  SW	R3, 8(SP)
0x9D000B5C	0x0F400209  JAL	__Lib_I2C_12_I2C2_Wait_For_Idle+0
0x9D000B60	0x34190007  ORI	R25, R0, 7
0x9D000B64	0x8FA30008  LW	R3, 8(SP)
;__Lib_I2C_12.c, 349 :: 		
0x9D000B68	0x34020004  ORI	R2, R0, 4
0x9D000B6C	0x3C1EBF80  LUI	R30, 49024
0x9D000B70	0xAFC25208  SW	R2, 21000(R30)
; timeout end address is: 12 (R3)
;__Lib_I2C_12.c, 351 :: 		
L_I2C2_Stop54:
; timeout start address is: 12 (R3)
0x9D000B74	0x3C1EBF80  LUI	R30, 49024
0x9D000B78	0x93C25200  LBU	R2, 20992(R30)
0x9D000B7C	0x7C420080  EXT	R2, R2, 2, 1
0x9D000B80	0x10400011  BEQ	R2, 1, L_I2C2_Stop55
0x9D000B84	0x70000000  NOP	
L__I2C2_Stop177:
;__Lib_I2C_12.c, 352 :: 		
0x9D000B88	0x8C228004  LW	R2, Offset(__Lib_I2C_12__I2C2_TIMEOUT+0)(GP)
0x9D000B8C	0x1040000C  BEQ	R2, R0, L__I2C2_Stop92
0x9D000B90	0x70000000  NOP	
L__I2C2_Stop179:
;__Lib_I2C_12.c, 354 :: 		
0x9D000B94	0x14600007  BNE	R3, R0, L_I2C2_Stop57
0x9D000B98	0x70000000  NOP	
L__I2C2_Stop180:
; timeout end address is: 12 (R3)
;__Lib_I2C_12.c, 356 :: 		
0x9D000B9C	0x34190007  ORI	R25, R0, 7
0x9D000BA0	0x8C3E8048  LW	R30, Offset(_I2C2_Timeout_Ptr+0)(GP)
0x9D000BA4	0x03C0F809  JALR	RA, R30
0x9D000BA8	0x70000000  NOP	
;__Lib_I2C_12.c, 357 :: 		
0x9D000BAC	0x0B4002F2  J	L_I2C2_Stop55
0x9D000BB0	0x70000000  NOP	
;__Lib_I2C_12.c, 358 :: 		
L_I2C2_Stop57:
;__Lib_I2C_12.c, 359 :: 		
; timeout start address is: 12 (R3)
0x9D000BB4	0x2462FFFF  ADDIU	R2, R3, -1
; timeout end address is: 12 (R3)
;__Lib_I2C_12.c, 360 :: 		
0x9D000BB8	0x0B4002F0  J	L_I2C2_Stop56
0x9D000BBC	0x0040180A  MOVZ	R3, R2, R0
L__I2C2_Stop92:
;__Lib_I2C_12.c, 352 :: 		
;__Lib_I2C_12.c, 360 :: 		
L_I2C2_Stop56:
;__Lib_I2C_12.c, 361 :: 		
; timeout start address is: 12 (R3)
; timeout end address is: 12 (R3)
0x9D000BC0	0x0B4002DD  J	L_I2C2_Stop54
0x9D000BC4	0x70000000  NOP	
L_I2C2_Stop55:
;__Lib_I2C_12.c, 362 :: 		
L_end_I2C2_Stop:
0x9D000BC8	0x8FB90004  LW	R25, 4(SP)
0x9D000BCC	0x8FBF0000  LW	RA, 0(SP)
0x9D000BD0	0x03E00008  JR	RA
0x9D000BD4	0x27BD000C  ADDIU	SP, SP, 12
; end of _I2C2_Stop
_TCS3472_SetIntergration_Time:
;TCS3472.c, 77 :: 		void TCS3472_SetIntergration_Time(TCS3472_IntegrationTime_t It){
0x9D000564	0x27BDFFF4  ADDIU	SP, SP, -12
0x9D000568	0xAFBF0000  SW	RA, 0(SP)
;TCS3472.c, 79 :: 		TCS3472_Write8(TCS3472_ATIME, It);
0x9D00056C	0xAFB90004  SW	R25, 4(SP)
0x9D000570	0xAFBA0008  SW	R26, 8(SP)
0x9D000574	0x333A00FF  ANDI	R26, R25, 255
0x9D000578	0x0F40007A  JAL	_TCS3472_Write8+0
0x9D00057C	0x34190001  ORI	R25, R0, 1
;TCS3472.c, 80 :: 		}
L_end_TCS3472_SetIntergration_Time:
0x9D000580	0x8FBA0008  LW	R26, 8(SP)
0x9D000584	0x8FB90004  LW	R25, 4(SP)
0x9D000588	0x8FBF0000  LW	RA, 0(SP)
0x9D00058C	0x03E00008  JR	RA
0x9D000590	0x27BD000C  ADDIU	SP, SP, 12
; end of _TCS3472_SetIntergration_Time
_TCS3472_Write8:
;TCS3472.c, 30 :: 		void TCS3472_Write8(unsigned short reg_add, unsigned short value){
0x9D0001E8	0x27BDFFF4  ADDIU	SP, SP, -12
0x9D0001EC	0xAFBF0000  SW	RA, 0(SP)
;TCS3472.c, 31 :: 		I2C2_Start();                      // issue I2C start signal
0x9D0001F0	0xAFB90004  SW	R25, 4(SP)
0x9D0001F4	0xA3BA0008  SB	R26, 8(SP)
0x9D0001F8	0x0F40000D  JAL	_I2C2_Start+0
0x9D0001FC	0xA3B90009  SB	R25, 9(SP)
;TCS3472.c, 32 :: 		I2C2_Write(TCS3472_ADDR);          // send byte via I2C  (slave address)
0x9D000200	0x0F4000AD  JAL	_I2C2_Write+0
0x9D000204	0x34190029  ORI	R25, R0, 41
0x9D000208	0x93B90009  LBU	R25, 9(SP)
;TCS3472.c, 33 :: 		I2C2_Write(TCS3472_CMD_BIT | reg_add);       // send byte (command reg MSB)
0x9D00020C	0x37220080  ORI	R2, R25, 128
0x9D000210	0x0F4000AD  JAL	_I2C2_Write+0
0x9D000214	0x305900FF  ANDI	R25, R2, 255
0x9D000218	0x93BA0008  LBU	R26, 8(SP)
;TCS3472.c, 34 :: 		I2C2_Write(value);                 // send byte (data to be written)
0x9D00021C	0x0F4000AD  JAL	_I2C2_Write+0
0x9D000220	0x335900FF  ANDI	R25, R26, 255
;TCS3472.c, 35 :: 		I2C2_Stop();                       // issue I2C stop signal
0x9D000224	0x0F4002D2  JAL	_I2C2_Stop+0
0x9D000228	0x70000000  NOP	
;TCS3472.c, 37 :: 		}
L_end_TCS3472_Write8:
0x9D00022C	0x8FB90004  LW	R25, 4(SP)
0x9D000230	0x8FBF0000  LW	RA, 0(SP)
0x9D000234	0x03E00008  JR	RA
0x9D000238	0x27BD000C  ADDIU	SP, SP, 12
; end of _TCS3472_Write8
_TCS3472_SetGain:
;TCS3472.c, 82 :: 		void TCS3472_SetGain(TCS3472_Gain_t gain){
0x9D000640	0x27BDFFF4  ADDIU	SP, SP, -12
0x9D000644	0xAFBF0000  SW	RA, 0(SP)
;TCS3472.c, 83 :: 		TCS3472_Write8(TCS3472_CONTROL, gain);
0x9D000648	0xAFB90004  SW	R25, 4(SP)
0x9D00064C	0xAFBA0008  SW	R26, 8(SP)
0x9D000650	0x333A00FF  ANDI	R26, R25, 255
0x9D000654	0x0F40007A  JAL	_TCS3472_Write8+0
0x9D000658	0x3419000F  ORI	R25, R0, 15
;TCS3472.c, 84 :: 		}
L_end_TCS3472_SetGain:
0x9D00065C	0x8FBA0008  LW	R26, 8(SP)
0x9D000660	0x8FB90004  LW	R25, 4(SP)
0x9D000664	0x8FBF0000  LW	RA, 0(SP)
0x9D000668	0x03E00008  JR	RA
0x9D00066C	0x27BD000C  ADDIU	SP, SP, 12
; end of _TCS3472_SetGain
_TCS3472_Enable:
;TCS3472.c, 65 :: 		void TCS3472_Enable(){
0x9D0005EC	0x27BDFFF4  ADDIU	SP, SP, -12
0x9D0005F0	0xAFBF0000  SW	RA, 0(SP)
;TCS3472.c, 66 :: 		TCS3472_Write8(TCS3472_EN, TCS3472_EN_PON);
0x9D0005F4	0xAFB90004  SW	R25, 4(SP)
0x9D0005F8	0xAFBA0008  SW	R26, 8(SP)
0x9D0005FC	0x341A0001  ORI	R26, R0, 1
0x9D000600	0x0F40007A  JAL	_TCS3472_Write8+0
0x9D000604	0x0000C80A  MOVZ	R25, R0, R0
;TCS3472.c, 67 :: 		Delay_ms(3);
0x9D000608	0x3C180001  LUI	R24, 1
0x9D00060C	0x3718387F  ORI	R24, R24, 14463
L_TCS3472_Enable0:
0x9D000610	0x2718FFFF  ADDIU	R24, R24, -1
0x9D000614	0x1700FFFE  BNE	R24, R0, L_TCS3472_Enable0
0x9D000618	0x70000000  NOP	
0x9D00061C	0x70000000  NOP	
;TCS3472.c, 68 :: 		TCS3472_Write8(TCS3472_EN, TCS3472_EN_PON | TCS3472_EN_AEN);
0x9D000620	0x341A0003  ORI	R26, R0, 3
0x9D000624	0x0F40007A  JAL	_TCS3472_Write8+0
0x9D000628	0x0000C80A  MOVZ	R25, R0, R0
;TCS3472.c, 69 :: 		}
L_end_TCS3472_Enable:
0x9D00062C	0x8FBA0008  LW	R26, 8(SP)
0x9D000630	0x8FB90004  LW	R25, 4(SP)
0x9D000634	0x8FBF0000  LW	RA, 0(SP)
0x9D000638	0x03E00008  JR	RA
0x9D00063C	0x27BD000C  ADDIU	SP, SP, 12
; end of _TCS3472_Enable
___BootStartUp:
;__Lib_System.c, 68 :: 		
0xBFC00000	0x27BDFFFC  ADDIU	SP, SP, -4
;__Lib_System.c, 72 :: 		
0xBFC00004	0x70000000  NOP	
;__Lib_System.c, 73 :: 		
0xBFC00008	0x70000000  NOP	
;__Lib_System.c, 74 :: 		
0xBFC0000C	0x70000000  NOP	
;__Lib_System.c, 75 :: 		
0xBFC00010	0x70000000  NOP	
;__Lib_System.c, 76 :: 		
0xBFC00014	0x70000000  NOP	
;__Lib_System.c, 77 :: 		
0xBFC00018	0x70000000  NOP	
;__Lib_System.c, 78 :: 		
0xBFC0001C	0x70000000  NOP	
;__Lib_System.c, 79 :: 		
0xBFC00020	0x70000000  NOP	
;__Lib_System.c, 80 :: 		
0xBFC00024	0x70000000  NOP	
;__Lib_System.c, 81 :: 		
0xBFC00028	0x70000000  NOP	
;__Lib_System.c, 82 :: 		
0xBFC0002C	0x70000000  NOP	
;__Lib_System.c, 83 :: 		
0xBFC00030	0x70000000  NOP	
;__Lib_System.c, 84 :: 		
0xBFC00034	0x70000000  NOP	
;__Lib_System.c, 85 :: 		
0xBFC00038	0x70000000  NOP	
;__Lib_System.c, 86 :: 		
0xBFC0003C	0x70000000  NOP	
;__Lib_System.c, 87 :: 		
0xBFC00040	0x70000000  NOP	
;__Lib_System.c, 88 :: 		
0xBFC00044	0x70000000  NOP	
;__Lib_System.c, 89 :: 		
0xBFC00048	0x70000000  NOP	
;__Lib_System.c, 90 :: 		
0xBFC0004C	0x70000000  NOP	
;__Lib_System.c, 91 :: 		
0xBFC00050	0x70000000  NOP	
;__Lib_System.c, 94 :: 		
0xBFC00054	0x3C1DA000  LUI	SP, 40960
0xBFC00058	0x37BD7FFC  ORI	SP, SP, 32764
;__Lib_System.c, 95 :: 		
0xBFC0005C	0x3C01A000  LUI	GP, 40960
0xBFC00060	0x34218000  ORI	GP, GP, 32768
;__Lib_System.c, 99 :: 		
0xBFC00064	0x401E6002  MFC0	R30, 12, 2
;__Lib_System.c, 100 :: 		
0xBFC00068	0x03C0E00A  MOVZ	R28, R30, R0
;__Lib_System.c, 101 :: 		
0xBFC0006C	0x7FDB1E80  EXT	R27, R30, 26, 4
;__Lib_System.c, 102 :: 		
0xBFC00070	0x7F7E4984  INS	R30, R27, 6, 4
;__Lib_System.c, 103 :: 		
0xBFC00074	0x409E6002  MTC0	R30, 12, 2
;__Lib_System.c, 104 :: 		
0xBFC00078	0x41C10800  WRPGPR	GP, GP
;__Lib_System.c, 105 :: 		
0xBFC0007C	0x409C6002  MTC0	R28, 12, 2
;__Lib_System.c, 111 :: 		
0xBFC00080	0x3C02A421  LUI	R2, 42017
0xBFC00084	0x34420583  ORI	R2, R2, 1411
0xBFC00088	0x0040F00A  MOVZ	R30, R2, R0
0xBFC0008C	0x409E8000  MTC0	R30, 16, 0
;__Lib_System.c, 114 :: 		
0xBFC00090	0x0000100A  MOVZ	R2, R0, R0
0xBFC00094	0x0040F00A  MOVZ	R30, R2, R0
0xBFC00098	0x409E4800  MTC0	R30, 9, 0
;__Lib_System.c, 117 :: 		
0xBFC0009C	0x3C02FFFF  LUI	R2, 65535
0xBFC000A0	0x3442FFFF  ORI	R2, R2, 65535
0xBFC000A4	0x0040F00A  MOVZ	R30, R2, R0
0xBFC000A8	0x409E5800  MTC0	R30, 11, 0
;__Lib_System.c, 119 :: 		
0xBFC000AC	0x3C029FC0  LUI	R2, 40896
0xBFC000B0	0x34421000  ORI	R2, R2, 4096
0xBFC000B4	0x0040F00A  MOVZ	R30, R2, R0
0xBFC000B8	0x409E7801  MTC0	R30, 15, 1
;__Lib_System.c, 121 :: 		
0xBFC000BC	0x34020020  ORI	R2, R0, 32
0xBFC000C0	0x0040F00A  MOVZ	R30, R2, R0
0xBFC000C4	0x409E6001  MTC0	R30, 12, 1
;__Lib_System.c, 123 :: 		
0xBFC000C8	0x3C020400  LUI	R2, 1024
0xBFC000CC	0x0040F00A  MOVZ	R30, R2, R0
0xBFC000D0	0x409E6002  MTC0	R30, 12, 2
;__Lib_System.c, 124 :: 		
0xBFC000D4	0x0000100A  MOVZ	R2, R0, R0
0xBFC000D8	0x0040F00A  MOVZ	R30, R2, R0
0xBFC000DC	0x409E6003  MTC0	R30, 12, 3
;__Lib_System.c, 129 :: 		
0xBFC000E0	0x3C020010  LUI	R2, 16
0xBFC000E4	0x0040F00A  MOVZ	R30, R2, R0
0xBFC000E8	0x409E6000  MTC0	R30, 12, 0
;__Lib_System.c, 132 :: 		
0xBFC000EC	0x34020032  ORI	R2, R0, 50
0xBFC000F0	0x3C1EBF88  LUI	R30, 49032
0xBFC000F4	0xAFC24000  SW	R2, 16384(R30)
;__Lib_System.c, 137 :: 		
0xBFC000F8	0x34021000  ORI	R2, R0, 4096
0xBFC000FC	0x3C1EBF88  LUI	R30, 49032
0xBFC00100	0xAFC21000  SW	R2, 4096(R30)
;__Lib_System.c, 143 :: 		
0xBFC00104	0x3C020080  LUI	R2, 128
0xBFC00108	0x0040F00A  MOVZ	R30, R2, R0
0xBFC0010C	0x409E6800  MTC0	R30, 13, 0
;__Lib_System.c, 149 :: 		
0xBFC00110	0x3C1E9D00  LUI	R30, hi_addr(_main+0)
;__Lib_System.c, 150 :: 		
0xBFC00114	0x37DE0D2C  ORI	R30, R30, lo_addr(_main+0)
;__Lib_System.c, 152 :: 		
0xBFC00118	0x03C00008  JR	R30
;__Lib_System.c, 153 :: 		
0xBFC0011C	0x70000000  NOP	
;__Lib_System.c, 155 :: 		
L_end___BootStartUp:
0xBFC00120	0x03E00008  JR	RA
0xBFC00124	0x27BD0004  ADDIU	SP, SP, 4
; end of ___BootStartUp
___BootGenExcept:
;__Lib_System.c, 56 :: 		
0x9D000DBC	0x27BDFFFC  ADDIU	SP, SP, -4
;__Lib_System.c, 57 :: 		
L___BootGenExcept6:
;__Lib_System.c, 58 :: 		
0x9D000DC0	0x0B400370  J	L___BootGenExcept6
0x9D000DC4	0x70000000  NOP	
;__Lib_System.c, 59 :: 		
L_end___BootGenExcept:
0x9D000DC8	0x27BD0004  ADDIU	SP, SP, 4
0x9D000DCC	0x42000018  ERET	
0x9D000DD0	0x70000000  NOP	
; end of ___BootGenExcept
___GenExcept:
;__Lib_System.c, 61 :: 		
0x9D000DD4	0x27BDFFFC  ADDIU	SP, SP, -4
;__Lib_System.c, 62 :: 		
L___GenExcept8:
;__Lib_System.c, 63 :: 		
0x9D000DD8	0x0B400376  J	L___GenExcept8
0x9D000DDC	0x70000000  NOP	
;__Lib_System.c, 64 :: 		
L_end___GenExcept:
0x9D000DE0	0x27BD0004  ADDIU	SP, SP, 4
0x9D000DE4	0x42000018  ERET	
0x9D000DE8	0x70000000  NOP	
; end of ___GenExcept
0x9D000E64	0x03E0C80A  MOVZ	R25, RA, R0
0x9D000E68	0x3C17A000  LUI	R23, 40960
0x9D000E6C	0x36F70000  ORI	R23, R23, 0
0x9D000E70	0x3C16A000  LUI	R22, 40960
0x9D000E74	0x36D6000E  ORI	R22, R22, 14
0x9D000E78	0x3C189D00  LUI	R24, 40192
0x9D000E7C	0x37180E54  ORI	R24, R24, 3668
0x9D000E80	0x0F400272  JAL	___CC2DW
0x9D000E84	0x70000000  NOP	
0x9D000E88	0x0320F80A  MOVZ	RA, R25, R0
0x9D000E8C	0x03E00008  JR	RA
0x9D000E90	0x70000000  NOP	
0x9D000EEC	0x03E0C80A  MOVZ	R25, RA, R0
0x9D000EF0	0x3C17A000  LUI	R23, 40960
0x9D000EF4	0x36F70000  ORI	R23, R23, 0
0x9D000EF8	0x3C16A000  LUI	R22, 40960
0x9D000EFC	0x36D60054  ORI	R22, R22, 84
0x9D000F00	0x0F4002F6  JAL	___FillZeros
0x9D000F04	0x70000000  NOP	
0x9D000F08	0x0320F80A  MOVZ	RA, R25, R0
0x9D000F0C	0x03E00008  JR	RA
0x9D000F10	0x70000000  NOP	
_Timer1Interrupt:
;ISR.c, 12 :: 		void Timer1Interrupt() iv IVT_TIMER_1 ilevel 7 ics ICS_SRS {
0x9D000DEC	0x415DE800  RDPGPR	SP, SP
0x9D000DF0	0x27BDFFF8  ADDIU	SP, SP, -8
0x9D000DF4	0x401E7000  MFC0	R30, 14, 0
0x9D000DF8	0xAFBE0004  SW	R30, 4(SP)
0x9D000DFC	0x401E6000  MFC0	R30, 12, 0
0x9D000E00	0xAFBE0000  SW	R30, 0(SP)
0x9D000E04	0x7C1E7844  INS	R30, R0, 1, 15
0x9D000E08	0x341E1C00  ORI	R30, R0, 7168
0x9D000E0C	0x409E6000  MTC0	R30, 12, 0
0x9D000E10	0x27BDFFFC  ADDIU	SP, SP, -4
0x9D000E14	0xAFBF0000  SW	RA, 0(SP)
;ISR.c, 13 :: 		T1IF_bit         = 0;
0x9D000E18	0x34020010  ORI	R2, R0, 0x0010
0x9D000E1C	0x3C1EBF88  LUI	R30, 49032
0x9D000E20	0xA3C21034  SB	R2, 4148(R30)
;ISR.c, 15 :: 		Get_Timer_Values();
0x9D000E24	0x8C3E8030  LW	R30, Offset(_Get_Timer_Values+0)(GP)
0x9D000E28	0x03C0F809  JALR	RA, R30
0x9D000E2C	0x70000000  NOP	
;ISR.c, 16 :: 		}
L_end_Timer1Interrupt:
0x9D000E30	0x8FBF0000  LW	RA, 0(SP)
0x9D000E34	0x27BD0004  ADDIU	SP, SP, 4
0x9D000E38	0x8FBE0004  LW	R30, 4(SP)
0x9D000E3C	0x409E7000  MTC0	R30, 14, 0
0x9D000E40	0x8FBE0000  LW	R30, 0(SP)
0x9D000E44	0x409E6000  MTC0	R30, 12, 0
0x9D000E48	0x27BD0008  ADDIU	SP, SP, 8
0x9D000E4C	0x41DDE800  WRPGPR	SP, SP
0x9D000E50	0x42000018  ERET	
; end of _Timer1Interrupt
_Get_Time:
;_Timers.c, 16 :: 		void Get_Time(){
;_Timers.c, 17 :: 		TMR0.ms++;
0x9D0009E8	0x94228022  LHU	R2, Offset(_TMR0+6)(GP)
0x9D0009EC	0x24420001  ADDIU	R2, R2, 1
0x9D0009F0	0xA4228022  SH	R2, Offset(_TMR0+6)(GP)
;_Timers.c, 18 :: 		if(TMR0.ms > 999){
0x9D0009F4	0x3042FFFF  ANDI	R2, R2, 65535
0x9D0009F8	0x2C4203E8  SLTIU	R2, R2, 1000
0x9D0009FC	0x1440000B  BNE	R2, R0, L_Get_Time0
0x9D000A00	0x70000000  NOP	
L__Get_Time3:
;_Timers.c, 19 :: 		TMR0.ms = 0;
0x9D000A04	0xA4208022  SH	R0, Offset(_TMR0+6)(GP)
;_Timers.c, 20 :: 		LATA10_bit = !LATA10_bit;
0x9D000A08	0x3C1EBF88  LUI	R30, 49032
0x9D000A0C	0x83C26021  LB	R2, 24609(R30)
0x9D000A10	0x7C420080  EXT	R2, R2, 2, 1
0x9D000A14	0x38430001  XORI	R3, R2, 1
0x9D000A18	0x3C1EBF88  LUI	R30, 49032
0x9D000A1C	0x83C26021  LB	R2, 24609(R30)
0x9D000A20	0x7C621084  INS	R2, R3, 2, 1
0x9D000A24	0x3C1EBF88  LUI	R30, 49032
0x9D000A28	0xA3C26021  SB	R2, 24609(R30)
;_Timers.c, 21 :: 		}
L_Get_Time0:
;_Timers.c, 22 :: 		}
L_end_Get_Time:
0x9D000A2C	0x03E00008  JR	RA
0x9D000A30	0x70000000  NOP	
; end of _Get_Time
_I2C1_Stop:
;__Lib_I2C_12.c, 117 :: 		
0x9D000938	0x27BDFFF4  ADDIU	SP, SP, -12
0x9D00093C	0xAFBF0000  SW	RA, 0(SP)
;__Lib_I2C_12.c, 119 :: 		
0x9D000940	0xAFB90004  SW	R25, 4(SP)
; timeout start address is: 12 (R3)
0x9D000944	0x8C238000  LW	R3, Offset(__Lib_I2C_12__I2C1_TIMEOUT+0)(GP)
;__Lib_I2C_12.c, 121 :: 		
0x9D000948	0xAFA30008  SW	R3, 8(SP)
0x9D00094C	0x0F40022E  JAL	__Lib_I2C_12_I2C1_Wait_For_Idle+0
0x9D000950	0x34190007  ORI	R25, R0, 7
0x9D000954	0x8FA30008  LW	R3, 8(SP)
;__Lib_I2C_12.c, 122 :: 		
0x9D000958	0x34020004  ORI	R2, R0, 4
0x9D00095C	0x3C1EBF80  LUI	R30, 49024
0x9D000960	0xAFC25008  SW	R2, 20488(R30)
; timeout end address is: 12 (R3)
;__Lib_I2C_12.c, 124 :: 		
L_I2C1_Stop16:
; timeout start address is: 12 (R3)
0x9D000964	0x3C1EBF80  LUI	R30, 49024
0x9D000968	0x93C25000  LBU	R2, 20480(R30)
0x9D00096C	0x7C420080  EXT	R2, R2, 2, 1
0x9D000970	0x10400011  BEQ	R2, 1, L_I2C1_Stop17
0x9D000974	0x70000000  NOP	
L__I2C1_Stop122:
;__Lib_I2C_12.c, 125 :: 		
0x9D000978	0x8C228000  LW	R2, Offset(__Lib_I2C_12__I2C1_TIMEOUT+0)(GP)
0x9D00097C	0x1040000C  BEQ	R2, R0, L__I2C1_Stop82
0x9D000980	0x70000000  NOP	
L__I2C1_Stop124:
;__Lib_I2C_12.c, 127 :: 		
0x9D000984	0x14600007  BNE	R3, R0, L_I2C1_Stop19
0x9D000988	0x70000000  NOP	
L__I2C1_Stop125:
; timeout end address is: 12 (R3)
;__Lib_I2C_12.c, 129 :: 		
0x9D00098C	0x34190007  ORI	R25, R0, 7
0x9D000990	0x8C3E8018  LW	R30, Offset(_I2C1_Timeout_Ptr+0)(GP)
0x9D000994	0x03C0F809  JALR	RA, R30
0x9D000998	0x70000000  NOP	
;__Lib_I2C_12.c, 130 :: 		
0x9D00099C	0x0B40026E  J	L_I2C1_Stop17
0x9D0009A0	0x70000000  NOP	
;__Lib_I2C_12.c, 131 :: 		
L_I2C1_Stop19:
;__Lib_I2C_12.c, 132 :: 		
; timeout start address is: 12 (R3)
0x9D0009A4	0x2462FFFF  ADDIU	R2, R3, -1
; timeout end address is: 12 (R3)
;__Lib_I2C_12.c, 133 :: 		
0x9D0009A8	0x0B40026C  J	L_I2C1_Stop18
0x9D0009AC	0x0040180A  MOVZ	R3, R2, R0
L__I2C1_Stop82:
;__Lib_I2C_12.c, 125 :: 		
;__Lib_I2C_12.c, 133 :: 		
L_I2C1_Stop18:
;__Lib_I2C_12.c, 134 :: 		
; timeout start address is: 12 (R3)
; timeout end address is: 12 (R3)
0x9D0009B0	0x0B400259  J	L_I2C1_Stop16
0x9D0009B4	0x70000000  NOP	
L_I2C1_Stop17:
;__Lib_I2C_12.c, 135 :: 		
L_end_I2C1_Stop:
0x9D0009B8	0x8FB90004  LW	R25, 4(SP)
0x9D0009BC	0x8FBF0000  LW	RA, 0(SP)
0x9D0009C0	0x03E00008  JR	RA
0x9D0009C4	0x27BD000C  ADDIU	SP, SP, 12
; end of _I2C1_Stop
__Lib_I2C_12_I2C1_Wait_For_Idle:
;__Lib_I2C_12.c, 45 :: 		
0x9D0008B8	0x27BDFFFC  ADDIU	SP, SP, -4
0x9D0008BC	0xAFBF0000  SW	RA, 0(SP)
;__Lib_I2C_12.c, 47 :: 		
; timeout start address is: 16 (R4)
0x9D0008C0	0x8C248000  LW	R4, Offset(__Lib_I2C_12__I2C1_TIMEOUT+0)(GP)
; timeout end address is: 16 (R4)
;__Lib_I2C_12.c, 49 :: 		
L___Lib_I2C_12_I2C1_Wait_For_Idle0:
; timeout start address is: 16 (R4)
0x9D0008C4	0x0F40008F  JAL	_I2C1_Is_Idle+0
0x9D0008C8	0x70000000  NOP	
0x9D0008CC	0x14400011  BNE	R2, R0, L___Lib_I2C_12_I2C1_Wait_For_Idle1
0x9D0008D0	0x70000000  NOP	
L___Lib_I2C_12_I2C1_Wait_For_Idle100:
;__Lib_I2C_12.c, 50 :: 		
0x9D0008D4	0x8C228000  LW	R2, Offset(__Lib_I2C_12__I2C1_TIMEOUT+0)(GP)
0x9D0008D8	0x1040000C  BEQ	R2, R0, L___Lib_I2C_12_I2C1_Wait_For_Idle76
0x9D0008DC	0x70000000  NOP	
L___Lib_I2C_12_I2C1_Wait_For_Idle102:
;__Lib_I2C_12.c, 52 :: 		
0x9D0008E0	0x14800006  BNE	R4, R0, L___Lib_I2C_12_I2C1_Wait_For_Idle3
0x9D0008E4	0x70000000  NOP	
L___Lib_I2C_12_I2C1_Wait_For_Idle103:
; timeout end address is: 16 (R4)
;__Lib_I2C_12.c, 54 :: 		
0x9D0008E8	0x8C3E8018  LW	R30, Offset(_I2C1_Timeout_Ptr+0)(GP)
0x9D0008EC	0x03C0F809  JALR	RA, R30
0x9D0008F0	0x70000000  NOP	
;__Lib_I2C_12.c, 55 :: 		
0x9D0008F4	0x0B400245  J	L___Lib_I2C_12_I2C1_Wait_For_Idle1
0x9D0008F8	0x70000000  NOP	
;__Lib_I2C_12.c, 56 :: 		
L___Lib_I2C_12_I2C1_Wait_For_Idle3:
;__Lib_I2C_12.c, 57 :: 		
; timeout start address is: 16 (R4)
0x9D0008FC	0x2482FFFF  ADDIU	R2, R4, -1
; timeout end address is: 16 (R4)
; timeout start address is: 12 (R3)
0x9D000900	0x0040180A  MOVZ	R3, R2, R0
; timeout end address is: 12 (R3)
;__Lib_I2C_12.c, 58 :: 		
0x9D000904	0x0B400243  J	L___Lib_I2C_12_I2C1_Wait_For_Idle2
0x9D000908	0x0060200A  MOVZ	R4, R3, R0
L___Lib_I2C_12_I2C1_Wait_For_Idle76:
;__Lib_I2C_12.c, 50 :: 		
;__Lib_I2C_12.c, 58 :: 		
L___Lib_I2C_12_I2C1_Wait_For_Idle2:
;__Lib_I2C_12.c, 59 :: 		
; timeout start address is: 16 (R4)
; timeout end address is: 16 (R4)
0x9D00090C	0x0B400231  J	L___Lib_I2C_12_I2C1_Wait_For_Idle0
0x9D000910	0x70000000  NOP	
L___Lib_I2C_12_I2C1_Wait_For_Idle1:
;__Lib_I2C_12.c, 60 :: 		
L_end_I2C1_Wait_For_Idle:
0x9D000914	0x8FBF0000  LW	RA, 0(SP)
0x9D000918	0x03E00008  JR	RA
0x9D00091C	0x27BD0004  ADDIU	SP, SP, 4
; end of __Lib_I2C_12_I2C1_Wait_For_Idle
_I2C1_Is_Idle:
;__Lib_I2C_12.c, 37 :: 		
0x9D00023C	0x27BDFFFC  ADDIU	SP, SP, -4
;__Lib_I2C_12.c, 39 :: 		
0x9D000240	0x3C1EBF80  LUI	R30, 49024
0x9D000244	0x93C25000  LBU	R2, 20480(R30)
0x9D000248	0x7C420000  EXT	R2, R2, 0, 1
0x9D00024C	0x304300FF  ANDI	R3, R2, 255
0x9D000250	0x3C1EBF80  LUI	R30, 49024
0x9D000254	0x93C25000  LBU	R2, 20480(R30)
0x9D000258	0x7C420080  EXT	R2, R2, 2, 1
0x9D00025C	0x00621825  OR	R3, R3, R2
0x9D000260	0x3C1EBF80  LUI	R30, 49024
0x9D000264	0x93C25000  LBU	R2, 20480(R30)
0x9D000268	0x7C4200C0  EXT	R2, R2, 3, 1
0x9D00026C	0x00621825  OR	R3, R3, R2
0x9D000270	0x3C1EBF80  LUI	R30, 49024
0x9D000274	0x93C25000  LBU	R2, 20480(R30)
0x9D000278	0x7C420100  EXT	R2, R2, 4, 1
0x9D00027C	0x00621825  OR	R3, R3, R2
;__Lib_I2C_12.c, 40 :: 		
0x9D000280	0x3C1EBF80  LUI	R30, 49024
0x9D000284	0x93C25000  LBU	R2, 20480(R30)
0x9D000288	0x7C420040  EXT	R2, R2, 1, 1
0x9D00028C	0x00621825  OR	R3, R3, R2
0x9D000290	0x3C1EBF80  LUI	R30, 49024
0x9D000294	0x93C25011  LBU	R2, 20497(R30)
0x9D000298	0x7C420180  EXT	R2, R2, 6, 1
0x9D00029C	0x00621025  OR	R2, R3, R2
; idle start address is: 12 (R3)
0x9D0002A0	0x304300FF  ANDI	R3, R2, 255
;__Lib_I2C_12.c, 41 :: 		
0x9D0002A4	0x2C620001  SLTIU	R2, R3, 1
; idle end address is: 12 (R3)
0x9D0002A8	0x304200FF  ANDI	R2, R2, 255
;__Lib_I2C_12.c, 42 :: 		
L_end_I2C1_Is_Idle:
0x9D0002AC	0x03E00008  JR	RA
0x9D0002B0	0x27BD0004  ADDIU	SP, SP, 4
; end of _I2C1_Is_Idle
;__Lib_I2C_12.c,0 :: ?ICS__Lib_I2C_12__I2C1_TIMEOUT [4]
0x9D000E54	0x00000000 ;?ICS__Lib_I2C_12__I2C1_TIMEOUT+0
; end of ?ICS__Lib_I2C_12__I2C1_TIMEOUT
;__Lib_I2C_12.c,0 :: ?ICS__Lib_I2C_12__I2C2_TIMEOUT [4]
0x9D000E58	0x00000000 ;?ICS__Lib_I2C_12__I2C2_TIMEOUT+0
; end of ?ICS__Lib_I2C_12__I2C2_TIMEOUT
;ColourSampling.c,0 :: ?ICS_txt [6]
0x9D000E5C	0x30303030 ;?ICS_txt+0
0x9D000E60	0x0030 ;?ICS_txt+4
; end of ?ICS_txt
Symbol List:
//** Routines locations **
//ADDRESS    SIZE    PROCEDURE
//----------------------------------------------
0x9D000000      [52]    _UART2_Write
0x9D000034     [176]    _I2C2_Start
0x9D0000E4     [120]    _I2C2_Is_Idle
0x9D00015C     [140]    __Lib_UART_12_UART_Calc_BRG
0x9D0001E8      [84]    _TCS3472_Write8
0x9D00023C     [120]    _I2C1_Is_Idle
0x9D0002B4     [196]    _I2C2_Write
0x9D000378     [320]    _I2C2_Read
0x9D0004B8      [16]    _Get_Fosc_kHz
0x9D0004C8      [84]    __Lib_I2C_12_SetI2C2Ptrs
0x9D00051C      [72]    _TCS3472_Read8
0x9D000564      [48]    _TCS3472_SetIntergration_Time
0x9D000594      [88]    _UART2_Write_Text
0x9D0005EC      [84]    _TCS3472_Enable
0x9D000640      [48]    _TCS3472_SetGain
0x9D000670     [104]    _I2C2_Init
0x9D0006D8     [232]    _UART2_Init
0x9D0007C0     [100]    _InitTimer1
0x9D000824     [104]    __Lib_I2C_12_I2C2_Wait_For_Idle
0x9D00088C      [44]    _I2C_Set_Active
0x9D0008B8     [104]    __Lib_I2C_12_I2C1_Wait_For_Idle
0x9D000920      [24]    _InitISR
0x9D000938     [144]    _I2C1_Stop
0x9D0009C8      [32]    ___CC2DW
0x9D0009E8      [76]    _Get_Time
0x9D000A34      [88]    _TCS3472_Init
0x9D000A8C     [160]    _ByteToStr
0x9D000B2C      [28]    _WriteData
0x9D000B48     [144]    _I2C2_Stop
0x9D000BD8      [32]    ___FillZeros
0x9D000BF8     [308]    _ConfigPic
0x9D000D2C     [144]    _main
0x9D000DBC      [24]    ___BootGenExcept
0x9D000DD4      [24]    ___GenExcept
0x9D000DEC     [104]    _Timer1Interrupt
0xBFC00000     [296]    ___BootStartUp
//** Variables locations ** 
//ADDRESS    SIZE    VARIABLE
//----------------------------------------------
0xA0000000       [4]    __Lib_I2C_12__I2C1_TIMEOUT
0xA0000004       [4]    __Lib_I2C_12__I2C2_TIMEOUT
0xA0000008       [6]    _txt
0xA000000E       [0]    _TCS3472_Initialised
0xA000000E       [1]    _TCS3472_Bits
0xA000000F       [1]    _it
0xA0000010       [4]    _UART_Rd_Ptr
0xA0000014       [4]    _UART_Wr_Ptr
0xA0000018       [4]    _I2C1_Timeout_Ptr
0xA000001C      [12]    _TMR0
0xA0000028       [4]    _UART_Rdy_Ptr
0xA000002C       [4]    _UART_Tx_Idle_Ptr
0xA0000030       [4]    _Get_Timer_Values
0xA0000034       [1]    _G
0xA0000038       [4]    _I2C_Read_Ptr
0xA000003C       [4]    _I2C_Write_Ptr
0xA0000040       [4]    _I2C_Stop_Ptr
0xA0000044       [4]    _I2C_Restart_Ptr
0xA0000048       [4]    _I2C2_Timeout_Ptr
0xA000004C       [4]    _I2C_Is_Idle_Ptr
0xA0000050       [4]    _I2C_Start_Ptr
//** Constants locations ** 
//ADDRESS    SIZE    CONSTANT
//----------------------------------------------
0x9D000E54       [4]    ?ICS__Lib_I2C_12__I2C1_TIMEOUT
0x9D000E58       [4]    ?ICS__Lib_I2C_12__I2C2_TIMEOUT
0x9D000E5C       [6]    ?ICS_txt
